{"/Users/miketu/531/HW4/hw4/src/App.js": {"path":"/Users/miketu/531/HW4/hw4/src/App.js","statementMap":{"0":{"start":{"line":5,"column":2},"end":{"line":22,"column":4}}},"fnMap":{"0":{"name":"App","decl":{"start":{"line":4,"column":9},"end":{"line":4,"column":12}},"loc":{"start":{"line":4,"column":15},"end":{"line":23,"column":1}},"line":4}},"branchMap":{},"s":{"0":1},"f":{"0":1},"b":{},"_coverageSchema":"1a1c01bbd47fc00a2c39e90264f33305004495a9","hash":"04e9705a7832a144dac2bfb0bbb6fd501d15d06a"}
,"/Users/miketu/531/HW4/hw4/src/index.js": {"path":"/Users/miketu/531/HW4/hw4/src/index.js","statementMap":{"0":{"start":{"line":15,"column":14},"end":{"line":22,"column":2}},"1":{"start":{"line":24,"column":13},"end":{"line":24,"column":65}},"2":{"start":{"line":25,"column":0},"end":{"line":40,"column":2}},"3":{"start":{"line":45,"column":0},"end":{"line":45,"column":18}}},"fnMap":{},"branchMap":{},"s":{"0":0,"1":0,"2":0,"3":0},"f":{},"b":{}}
,"/Users/miketu/531/HW4/hw4/src/reportWebVitals.js": {"path":"/Users/miketu/531/HW4/hw4/src/reportWebVitals.js","statementMap":{"0":{"start":{"line":1,"column":24},"end":{"line":11,"column":1}},"1":{"start":{"line":2,"column":2},"end":{"line":10,"column":3}},"2":{"start":{"line":3,"column":4},"end":{"line":9,"column":7}},"3":{"start":{"line":4,"column":6},"end":{"line":4,"column":26}},"4":{"start":{"line":5,"column":6},"end":{"line":5,"column":26}},"5":{"start":{"line":6,"column":6},"end":{"line":6,"column":26}},"6":{"start":{"line":7,"column":6},"end":{"line":7,"column":26}},"7":{"start":{"line":8,"column":6},"end":{"line":8,"column":27}}},"fnMap":{"0":{"name":"(anonymous_0)","decl":{"start":{"line":1,"column":24},"end":{"line":1,"column":25}},"loc":{"start":{"line":1,"column":39},"end":{"line":11,"column":1}},"line":1},"1":{"name":"(anonymous_1)","decl":{"start":{"line":3,"column":30},"end":{"line":3,"column":31}},"loc":{"start":{"line":3,"column":79},"end":{"line":9,"column":5}},"line":3}},"branchMap":{"0":{"loc":{"start":{"line":2,"column":2},"end":{"line":10,"column":3}},"type":"if","locations":[{"start":{"line":2,"column":2},"end":{"line":10,"column":3}},{"start":{},"end":{}}],"line":2},"1":{"loc":{"start":{"line":2,"column":6},"end":{"line":2,"column":52}},"type":"binary-expr","locations":[{"start":{"line":2,"column":6},"end":{"line":2,"column":17}},{"start":{"line":2,"column":21},"end":{"line":2,"column":52}}],"line":2}},"s":{"0":0,"1":0,"2":0,"3":0,"4":0,"5":0,"6":0,"7":0},"f":{"0":0,"1":0},"b":{"0":[0,0],"1":[0,0]}}
,"/Users/miketu/531/HW4/hw4/src/app/store.js": {"path":"/Users/miketu/531/HW4/hw4/src/app/store.js","statementMap":{"0":{"start":{"line":4,"column":14},"end":{"line":8,"column":2}}},"fnMap":{},"branchMap":{},"s":{"0":0},"f":{},"b":{}}
,"/Users/miketu/531/HW4/hw4/src/auth/auth.jsx": {"path":"/Users/miketu/531/HW4/hw4/src/auth/auth.jsx","statementMap":{"0":{"start":{"line":12,"column":21},"end":{"line":12,"column":34}},"1":{"start":{"line":13,"column":36},"end":{"line":13,"column":48}},"2":{"start":{"line":14,"column":36},"end":{"line":14,"column":48}},"3":{"start":{"line":15,"column":32},"end":{"line":15,"column":44}},"4":{"start":{"line":16,"column":40},"end":{"line":16,"column":55}},"5":{"start":{"line":17,"column":50},"end":{"line":17,"column":82}},"6":{"start":{"line":17,"column":71},"end":{"line":17,"column":81}},"7":{"start":{"line":18,"column":21},"end":{"line":18,"column":34}},"8":{"start":{"line":20,"column":18},"end":{"line":33,"column":5}},"9":{"start":{"line":21,"column":8},"end":{"line":25,"column":9}},"10":{"start":{"line":22,"column":12},"end":{"line":22,"column":55}},"11":{"start":{"line":23,"column":12},"end":{"line":23,"column":32}},"12":{"start":{"line":24,"column":12},"end":{"line":24,"column":19}},"13":{"start":{"line":26,"column":25},"end":{"line":26,"column":72}},"14":{"start":{"line":27,"column":8},"end":{"line":32,"column":9}},"15":{"start":{"line":28,"column":12},"end":{"line":28,"column":30}},"16":{"start":{"line":30,"column":12},"end":{"line":30,"column":40}},"17":{"start":{"line":31,"column":12},"end":{"line":31,"column":32}},"18":{"start":{"line":35,"column":4},"end":{"line":95,"column":6}},"19":{"start":{"line":50,"column":28},"end":{"line":50,"column":56}},"20":{"start":{"line":60,"column":28},"end":{"line":60,"column":56}},"21":{"start":{"line":72,"column":40},"end":{"line":72,"column":61}},"22":{"start":{"line":73,"column":40},"end":{"line":73,"column":54}},"23":{"start":{"line":87,"column":28},"end":{"line":87,"column":50}}},"fnMap":{"0":{"name":"Auth","decl":{"start":{"line":11,"column":9},"end":{"line":11,"column":13}},"loc":{"start":{"line":11,"column":16},"end":{"line":96,"column":1}},"line":11},"1":{"name":"(anonymous_1)","decl":{"start":{"line":17,"column":62},"end":{"line":17,"column":63}},"loc":{"start":{"line":17,"column":71},"end":{"line":17,"column":81}},"line":17},"2":{"name":"(anonymous_2)","decl":{"start":{"line":20,"column":18},"end":{"line":20,"column":19}},"loc":{"start":{"line":20,"column":30},"end":{"line":33,"column":5}},"line":20},"3":{"name":"(anonymous_3)","decl":{"start":{"line":49,"column":34},"end":{"line":49,"column":35}},"loc":{"start":{"line":49,"column":41},"end":{"line":51,"column":25}},"line":49},"4":{"name":"(anonymous_4)","decl":{"start":{"line":59,"column":34},"end":{"line":59,"column":35}},"loc":{"start":{"line":59,"column":41},"end":{"line":61,"column":25}},"line":59},"5":{"name":"(anonymous_5)","decl":{"start":{"line":71,"column":62},"end":{"line":71,"column":63}},"loc":{"start":{"line":71,"column":68},"end":{"line":74,"column":37}},"line":71},"6":{"name":"(anonymous_6)","decl":{"start":{"line":86,"column":33},"end":{"line":86,"column":34}},"loc":{"start":{"line":86,"column":39},"end":{"line":88,"column":25}},"line":86}},"branchMap":{"0":{"loc":{"start":{"line":21,"column":8},"end":{"line":25,"column":9}},"type":"if","locations":[{"start":{"line":21,"column":8},"end":{"line":25,"column":9}},{"start":{},"end":{}}],"line":21},"1":{"loc":{"start":{"line":21,"column":12},"end":{"line":21,"column":46}},"type":"binary-expr","locations":[{"start":{"line":21,"column":12},"end":{"line":21,"column":27}},{"start":{"line":21,"column":31},"end":{"line":21,"column":46}}],"line":21},"2":{"loc":{"start":{"line":27,"column":8},"end":{"line":32,"column":9}},"type":"if","locations":[{"start":{"line":27,"column":8},"end":{"line":32,"column":9}},{"start":{"line":29,"column":15},"end":{"line":32,"column":9}}],"line":27},"3":{"loc":{"start":{"line":70,"column":21},"end":{"line":78,"column":50}},"type":"cond-expr","locations":[{"start":{"line":70,"column":34},"end":{"line":78,"column":42}},{"start":{"line":78,"column":45},"end":{"line":78,"column":50}}],"line":70}},"s":{"0":0,"1":0,"2":0,"3":0,"4":0,"5":0,"6":0,"7":0,"8":0,"9":0,"10":0,"11":0,"12":0,"13":0,"14":0,"15":0,"16":0,"17":0,"18":0,"19":0,"20":0,"21":0,"22":0,"23":0},"f":{"0":0,"1":0,"2":0,"3":0,"4":0,"5":0,"6":0},"b":{"0":[0,0],"1":[0,0],"2":[0,0],"3":[0,0]}}
,"/Users/miketu/531/HW4/hw4/src/auth/authAction.js": {"path":"/Users/miketu/531/HW4/hw4/src/auth/authAction.js","statementMap":{"0":{"start":{"line":3,"column":25},"end":{"line":34,"column":1}},"1":{"start":{"line":6,"column":8},"end":{"line":32,"column":9}},"2":{"start":{"line":7,"column":29},"end":{"line":7,"column":86}},"3":{"start":{"line":8,"column":26},"end":{"line":8,"column":47}},"4":{"start":{"line":9,"column":29},"end":{"line":9,"column":111}},"5":{"start":{"line":9,"column":48},"end":{"line":9,"column":110}},"6":{"start":{"line":10,"column":12},"end":{"line":25,"column":13}},"7":{"start":{"line":11,"column":28},"end":{"line":11,"column":39}},"8":{"start":{"line":12,"column":16},"end":{"line":12,"column":97}},"9":{"start":{"line":13,"column":16},"end":{"line":13,"column":79}},"10":{"start":{"line":15,"column":39},"end":{"line":15,"column":41}},"11":{"start":{"line":16,"column":16},"end":{"line":19,"column":17}},"12":{"start":{"line":16,"column":29},"end":{"line":16,"column":30}},"13":{"start":{"line":17,"column":38},"end":{"line":17,"column":85}},"14":{"start":{"line":17,"column":59},"end":{"line":17,"column":84}},"15":{"start":{"line":18,"column":20},"end":{"line":18,"column":54}},"16":{"start":{"line":21,"column":16},"end":{"line":21,"column":54}},"17":{"start":{"line":24,"column":16},"end":{"line":24,"column":73}},"18":{"start":{"line":27,"column":12},"end":{"line":31,"column":13}},"19":{"start":{"line":28,"column":16},"end":{"line":28,"column":67}},"20":{"start":{"line":30,"column":16},"end":{"line":30,"column":53}},"21":{"start":{"line":36,"column":28},"end":{"line":66,"column":1}},"22":{"start":{"line":39,"column":8},"end":{"line":64,"column":9}},"23":{"start":{"line":40,"column":29},"end":{"line":40,"column":86}},"24":{"start":{"line":41,"column":26},"end":{"line":41,"column":47}},"25":{"start":{"line":42,"column":12},"end":{"line":44,"column":13}},"26":{"start":{"line":42,"column":35},"end":{"line":42,"column":61}},"27":{"start":{"line":43,"column":16},"end":{"line":43,"column":72}},"28":{"start":{"line":46,"column":12},"end":{"line":46,"column":87}},"29":{"start":{"line":47,"column":12},"end":{"line":47,"column":54}},"30":{"start":{"line":48,"column":12},"end":{"line":55,"column":16}},"31":{"start":{"line":57,"column":12},"end":{"line":57,"column":34}},"32":{"start":{"line":59,"column":12},"end":{"line":63,"column":13}},"33":{"start":{"line":60,"column":16},"end":{"line":60,"column":67}},"34":{"start":{"line":62,"column":16},"end":{"line":62,"column":53}},"35":{"start":{"line":68,"column":33},"end":{"line":90,"column":1}},"36":{"start":{"line":71,"column":8},"end":{"line":71,"column":61}},"37":{"start":{"line":71,"column":24},"end":{"line":71,"column":61}},"38":{"start":{"line":72,"column":8},"end":{"line":88,"column":9}},"39":{"start":{"line":73,"column":45},"end":{"line":73,"column":65}},"40":{"start":{"line":74,"column":29},"end":{"line":74,"column":86}},"41":{"start":{"line":75,"column":26},"end":{"line":75,"column":47}},"42":{"start":{"line":76,"column":29},"end":{"line":76,"column":111}},"43":{"start":{"line":76,"column":48},"end":{"line":76,"column":110}},"44":{"start":{"line":77,"column":12},"end":{"line":81,"column":13}},"45":{"start":{"line":78,"column":16},"end":{"line":78,"column":32}},"46":{"start":{"line":80,"column":16},"end":{"line":80,"column":62}},"47":{"start":{"line":83,"column":12},"end":{"line":87,"column":13}},"48":{"start":{"line":84,"column":16},"end":{"line":84,"column":67}},"49":{"start":{"line":86,"column":16},"end":{"line":86,"column":53}},"50":{"start":{"line":92,"column":24},"end":{"line":121,"column":1}},"51":{"start":{"line":95,"column":8},"end":{"line":95,"column":61}},"52":{"start":{"line":95,"column":24},"end":{"line":95,"column":61}},"53":{"start":{"line":96,"column":8},"end":{"line":119,"column":9}},"54":{"start":{"line":97,"column":45},"end":{"line":97,"column":65}},"55":{"start":{"line":98,"column":24},"end":{"line":98,"column":34}},"56":{"start":{"line":99,"column":22},"end":{"line":99,"column":24}},"57":{"start":{"line":100,"column":28},"end":{"line":100,"column":85}},"58":{"start":{"line":101,"column":26},"end":{"line":101,"column":46}},"59":{"start":{"line":102,"column":32},"end":{"line":102,"column":34}},"60":{"start":{"line":103,"column":12},"end":{"line":106,"column":13}},"61":{"start":{"line":103,"column":25},"end":{"line":103,"column":26}},"62":{"start":{"line":104,"column":30},"end":{"line":104,"column":44}},"63":{"start":{"line":105,"column":16},"end":{"line":105,"column":90}},"64":{"start":{"line":105,"column":60},"end":{"line":105,"column":77}},"65":{"start":{"line":107,"column":12},"end":{"line":110,"column":13}},"66":{"start":{"line":108,"column":33},"end":{"line":108,"column":71}},"67":{"start":{"line":109,"column":16},"end":{"line":109,"column":43}},"68":{"start":{"line":112,"column":12},"end":{"line":112,"column":23}},"69":{"start":{"line":114,"column":12},"end":{"line":118,"column":13}},"70":{"start":{"line":115,"column":16},"end":{"line":115,"column":67}},"71":{"start":{"line":117,"column":16},"end":{"line":117,"column":53}},"72":{"start":{"line":123,"column":28},"end":{"line":144,"column":1}},"73":{"start":{"line":126,"column":8},"end":{"line":142,"column":9}},"74":{"start":{"line":127,"column":24},"end":{"line":127,"column":81}},"75":{"start":{"line":128,"column":26},"end":{"line":128,"column":42}},"76":{"start":{"line":129,"column":34},"end":{"line":129,"column":85}},"77":{"start":{"line":129,"column":53},"end":{"line":129,"column":84}},"78":{"start":{"line":130,"column":12},"end":{"line":135,"column":13}},"79":{"start":{"line":131,"column":39},"end":{"line":131,"column":88}},"80":{"start":{"line":132,"column":16},"end":{"line":132,"column":55}},"81":{"start":{"line":134,"column":16},"end":{"line":134,"column":67}},"82":{"start":{"line":137,"column":12},"end":{"line":141,"column":13}},"83":{"start":{"line":138,"column":16},"end":{"line":138,"column":67}},"84":{"start":{"line":140,"column":16},"end":{"line":140,"column":53}},"85":{"start":{"line":146,"column":31},"end":{"line":159,"column":1}},"86":{"start":{"line":149,"column":8},"end":{"line":157,"column":9}},"87":{"start":{"line":150,"column":12},"end":{"line":150,"column":31}},"88":{"start":{"line":152,"column":12},"end":{"line":156,"column":13}},"89":{"start":{"line":153,"column":16},"end":{"line":153,"column":67}},"90":{"start":{"line":155,"column":16},"end":{"line":155,"column":53}},"91":{"start":{"line":161,"column":23},"end":{"line":176,"column":1}},"92":{"start":{"line":164,"column":8},"end":{"line":174,"column":9}},"93":{"start":{"line":165,"column":12},"end":{"line":165,"column":34}},"94":{"start":{"line":166,"column":28},"end":{"line":166,"column":168}},"95":{"start":{"line":167,"column":12},"end":{"line":167,"column":27}},"96":{"start":{"line":169,"column":12},"end":{"line":173,"column":13}},"97":{"start":{"line":170,"column":16},"end":{"line":170,"column":67}},"98":{"start":{"line":172,"column":16},"end":{"line":172,"column":53}},"99":{"start":{"line":178,"column":29},"end":{"line":204,"column":1}},"100":{"start":{"line":181,"column":8},"end":{"line":202,"column":9}},"101":{"start":{"line":182,"column":29},"end":{"line":182,"column":86}},"102":{"start":{"line":183,"column":26},"end":{"line":183,"column":47}},"103":{"start":{"line":184,"column":31},"end":{"line":184,"column":51}},"104":{"start":{"line":185,"column":12},"end":{"line":186,"column":26}},"105":{"start":{"line":186,"column":16},"end":{"line":186,"column":26}},"106":{"start":{"line":188,"column":24},"end":{"line":188,"column":34}},"107":{"start":{"line":189,"column":35},"end":{"line":189,"column":37}},"108":{"start":{"line":190,"column":12},"end":{"line":193,"column":13}},"109":{"start":{"line":190,"column":25},"end":{"line":190,"column":26}},"110":{"start":{"line":191,"column":34},"end":{"line":191,"column":81}},"111":{"start":{"line":191,"column":55},"end":{"line":191,"column":80}},"112":{"start":{"line":192,"column":16},"end":{"line":192,"column":50}},"113":{"start":{"line":195,"column":12},"end":{"line":195,"column":34}},"114":{"start":{"line":197,"column":12},"end":{"line":201,"column":13}},"115":{"start":{"line":198,"column":16},"end":{"line":198,"column":67}},"116":{"start":{"line":200,"column":16},"end":{"line":200,"column":53}},"117":{"start":{"line":207,"column":19},"end":{"line":224,"column":1}},"118":{"start":{"line":208,"column":21},"end":{"line":208,"column":78}},"119":{"start":{"line":209,"column":18},"end":{"line":209,"column":39}},"120":{"start":{"line":210,"column":22},"end":{"line":210,"column":67}},"121":{"start":{"line":210,"column":43},"end":{"line":210,"column":66}},"122":{"start":{"line":211,"column":4},"end":{"line":221,"column":5}},"123":{"start":{"line":211,"column":17},"end":{"line":211,"column":18}},"124":{"start":{"line":212,"column":8},"end":{"line":212,"column":44}},"125":{"start":{"line":213,"column":8},"end":{"line":213,"column":41}},"126":{"start":{"line":223,"column":4},"end":{"line":223,"column":21}}},"fnMap":{"0":{"name":"(anonymous_0)","decl":{"start":{"line":5,"column":4},"end":{"line":5,"column":5}},"loc":{"start":{"line":5,"column":55},"end":{"line":33,"column":5}},"line":5},"1":{"name":"(anonymous_1)","decl":{"start":{"line":9,"column":40},"end":{"line":9,"column":41}},"loc":{"start":{"line":9,"column":48},"end":{"line":9,"column":110}},"line":9},"2":{"name":"(anonymous_2)","decl":{"start":{"line":17,"column":51},"end":{"line":17,"column":52}},"loc":{"start":{"line":17,"column":59},"end":{"line":17,"column":84}},"line":17},"3":{"name":"(anonymous_3)","decl":{"start":{"line":38,"column":4},"end":{"line":38,"column":5}},"loc":{"start":{"line":38,"column":84},"end":{"line":65,"column":5}},"line":38},"4":{"name":"(anonymous_4)","decl":{"start":{"line":42,"column":27},"end":{"line":42,"column":28}},"loc":{"start":{"line":42,"column":35},"end":{"line":42,"column":61}},"line":42},"5":{"name":"(anonymous_5)","decl":{"start":{"line":70,"column":4},"end":{"line":70,"column":5}},"loc":{"start":{"line":70,"column":46},"end":{"line":89,"column":5}},"line":70},"6":{"name":"(anonymous_6)","decl":{"start":{"line":76,"column":40},"end":{"line":76,"column":41}},"loc":{"start":{"line":76,"column":48},"end":{"line":76,"column":110}},"line":76},"7":{"name":"(anonymous_7)","decl":{"start":{"line":94,"column":4},"end":{"line":94,"column":5}},"loc":{"start":{"line":94,"column":46},"end":{"line":120,"column":5}},"line":94},"8":{"name":"(anonymous_8)","decl":{"start":{"line":105,"column":52},"end":{"line":105,"column":53}},"loc":{"start":{"line":105,"column":60},"end":{"line":105,"column":77}},"line":105},"9":{"name":"(anonymous_9)","decl":{"start":{"line":125,"column":4},"end":{"line":125,"column":5}},"loc":{"start":{"line":125,"column":50},"end":{"line":143,"column":5}},"line":125},"10":{"name":"(anonymous_10)","decl":{"start":{"line":129,"column":45},"end":{"line":129,"column":46}},"loc":{"start":{"line":129,"column":53},"end":{"line":129,"column":84}},"line":129},"11":{"name":"(anonymous_11)","decl":{"start":{"line":148,"column":4},"end":{"line":148,"column":5}},"loc":{"start":{"line":148,"column":47},"end":{"line":158,"column":5}},"line":148},"12":{"name":"(anonymous_12)","decl":{"start":{"line":163,"column":4},"end":{"line":163,"column":5}},"loc":{"start":{"line":163,"column":99},"end":{"line":175,"column":5}},"line":163},"13":{"name":"(anonymous_13)","decl":{"start":{"line":180,"column":4},"end":{"line":180,"column":5}},"loc":{"start":{"line":180,"column":46},"end":{"line":203,"column":5}},"line":180},"14":{"name":"(anonymous_14)","decl":{"start":{"line":191,"column":47},"end":{"line":191,"column":48}},"loc":{"start":{"line":191,"column":55},"end":{"line":191,"column":80}},"line":191},"15":{"name":"(anonymous_15)","decl":{"start":{"line":207,"column":19},"end":{"line":207,"column":20}},"loc":{"start":{"line":207,"column":51},"end":{"line":224,"column":1}},"line":207},"16":{"name":"(anonymous_16)","decl":{"start":{"line":210,"column":35},"end":{"line":210,"column":36}},"loc":{"start":{"line":210,"column":43},"end":{"line":210,"column":66}},"line":210}},"branchMap":{"0":{"loc":{"start":{"line":9,"column":48},"end":{"line":9,"column":110}},"type":"binary-expr","locations":[{"start":{"line":9,"column":48},"end":{"line":9,"column":74}},{"start":{"line":9,"column":78},"end":{"line":9,"column":110}}],"line":9},"1":{"loc":{"start":{"line":10,"column":12},"end":{"line":25,"column":13}},"type":"if","locations":[{"start":{"line":10,"column":12},"end":{"line":25,"column":13}},{"start":{"line":23,"column":17},"end":{"line":25,"column":13}}],"line":10},"2":{"loc":{"start":{"line":27,"column":12},"end":{"line":31,"column":13}},"type":"if","locations":[{"start":{"line":27,"column":12},"end":{"line":31,"column":13}},{"start":{"line":29,"column":19},"end":{"line":31,"column":13}}],"line":27},"3":{"loc":{"start":{"line":27,"column":16},"end":{"line":27,"column":61}},"type":"binary-expr","locations":[{"start":{"line":27,"column":16},"end":{"line":27,"column":30}},{"start":{"line":27,"column":34},"end":{"line":27,"column":61}}],"line":27},"4":{"loc":{"start":{"line":42,"column":12},"end":{"line":44,"column":13}},"type":"if","locations":[{"start":{"line":42,"column":12},"end":{"line":44,"column":13}},{"start":{},"end":{}}],"line":42},"5":{"loc":{"start":{"line":59,"column":12},"end":{"line":63,"column":13}},"type":"if","locations":[{"start":{"line":59,"column":12},"end":{"line":63,"column":13}},{"start":{"line":61,"column":19},"end":{"line":63,"column":13}}],"line":59},"6":{"loc":{"start":{"line":59,"column":16},"end":{"line":59,"column":61}},"type":"binary-expr","locations":[{"start":{"line":59,"column":16},"end":{"line":59,"column":30}},{"start":{"line":59,"column":34},"end":{"line":59,"column":61}}],"line":59},"7":{"loc":{"start":{"line":71,"column":8},"end":{"line":71,"column":61}},"type":"if","locations":[{"start":{"line":71,"column":8},"end":{"line":71,"column":61}},{"start":{},"end":{}}],"line":71},"8":{"loc":{"start":{"line":76,"column":48},"end":{"line":76,"column":110}},"type":"binary-expr","locations":[{"start":{"line":76,"column":48},"end":{"line":76,"column":74}},{"start":{"line":76,"column":78},"end":{"line":76,"column":110}}],"line":76},"9":{"loc":{"start":{"line":77,"column":12},"end":{"line":81,"column":13}},"type":"if","locations":[{"start":{"line":77,"column":12},"end":{"line":81,"column":13}},{"start":{"line":79,"column":19},"end":{"line":81,"column":13}}],"line":77},"10":{"loc":{"start":{"line":83,"column":12},"end":{"line":87,"column":13}},"type":"if","locations":[{"start":{"line":83,"column":12},"end":{"line":87,"column":13}},{"start":{"line":85,"column":19},"end":{"line":87,"column":13}}],"line":83},"11":{"loc":{"start":{"line":83,"column":16},"end":{"line":83,"column":61}},"type":"binary-expr","locations":[{"start":{"line":83,"column":16},"end":{"line":83,"column":30}},{"start":{"line":83,"column":34},"end":{"line":83,"column":61}}],"line":83},"12":{"loc":{"start":{"line":95,"column":8},"end":{"line":95,"column":61}},"type":"if","locations":[{"start":{"line":95,"column":8},"end":{"line":95,"column":61}},{"start":{},"end":{}}],"line":95},"13":{"loc":{"start":{"line":114,"column":12},"end":{"line":118,"column":13}},"type":"if","locations":[{"start":{"line":114,"column":12},"end":{"line":118,"column":13}},{"start":{"line":116,"column":19},"end":{"line":118,"column":13}}],"line":114},"14":{"loc":{"start":{"line":114,"column":16},"end":{"line":114,"column":61}},"type":"binary-expr","locations":[{"start":{"line":114,"column":16},"end":{"line":114,"column":30}},{"start":{"line":114,"column":34},"end":{"line":114,"column":61}}],"line":114},"15":{"loc":{"start":{"line":130,"column":12},"end":{"line":135,"column":13}},"type":"if","locations":[{"start":{"line":130,"column":12},"end":{"line":135,"column":13}},{"start":{"line":133,"column":19},"end":{"line":135,"column":13}}],"line":130},"16":{"loc":{"start":{"line":137,"column":12},"end":{"line":141,"column":13}},"type":"if","locations":[{"start":{"line":137,"column":12},"end":{"line":141,"column":13}},{"start":{"line":139,"column":19},"end":{"line":141,"column":13}}],"line":137},"17":{"loc":{"start":{"line":137,"column":16},"end":{"line":137,"column":61}},"type":"binary-expr","locations":[{"start":{"line":137,"column":16},"end":{"line":137,"column":30}},{"start":{"line":137,"column":34},"end":{"line":137,"column":61}}],"line":137},"18":{"loc":{"start":{"line":152,"column":12},"end":{"line":156,"column":13}},"type":"if","locations":[{"start":{"line":152,"column":12},"end":{"line":156,"column":13}},{"start":{"line":154,"column":19},"end":{"line":156,"column":13}}],"line":152},"19":{"loc":{"start":{"line":152,"column":16},"end":{"line":152,"column":61}},"type":"binary-expr","locations":[{"start":{"line":152,"column":16},"end":{"line":152,"column":30}},{"start":{"line":152,"column":34},"end":{"line":152,"column":61}}],"line":152},"20":{"loc":{"start":{"line":169,"column":12},"end":{"line":173,"column":13}},"type":"if","locations":[{"start":{"line":169,"column":12},"end":{"line":173,"column":13}},{"start":{"line":171,"column":19},"end":{"line":173,"column":13}}],"line":169},"21":{"loc":{"start":{"line":169,"column":16},"end":{"line":169,"column":61}},"type":"binary-expr","locations":[{"start":{"line":169,"column":16},"end":{"line":169,"column":30}},{"start":{"line":169,"column":34},"end":{"line":169,"column":61}}],"line":169},"22":{"loc":{"start":{"line":185,"column":12},"end":{"line":186,"column":26}},"type":"if","locations":[{"start":{"line":185,"column":12},"end":{"line":186,"column":26}},{"start":{},"end":{}}],"line":185},"23":{"loc":{"start":{"line":197,"column":12},"end":{"line":201,"column":13}},"type":"if","locations":[{"start":{"line":197,"column":12},"end":{"line":201,"column":13}},{"start":{"line":199,"column":19},"end":{"line":201,"column":13}}],"line":197},"24":{"loc":{"start":{"line":197,"column":16},"end":{"line":197,"column":61}},"type":"binary-expr","locations":[{"start":{"line":197,"column":16},"end":{"line":197,"column":30}},{"start":{"line":197,"column":34},"end":{"line":197,"column":61}}],"line":197}},"s":{"0":3,"1":8,"2":8,"3":8,"4":8,"5":17,"6":8,"7":7,"8":7,"9":7,"10":7,"11":7,"12":7,"13":21,"14":210,"15":21,"16":7,"17":1,"18":0,"19":0,"20":0,"21":3,"22":1,"23":1,"24":1,"25":1,"26":10,"27":0,"28":1,"29":1,"30":1,"31":1,"32":0,"33":0,"34":0,"35":3,"36":1,"37":0,"38":1,"39":1,"40":1,"41":1,"42":1,"43":1,"44":1,"45":1,"46":0,"47":0,"48":0,"49":0,"50":3,"51":4,"52":0,"53":4,"54":4,"55":4,"56":4,"57":4,"58":4,"59":4,"60":4,"61":4,"62":16,"63":16,"64":40,"65":4,"66":16,"67":16,"68":4,"69":0,"70":0,"71":0,"72":3,"73":1,"74":1,"75":1,"76":1,"77":5,"78":1,"79":1,"80":1,"81":0,"82":0,"83":0,"84":0,"85":3,"86":1,"87":1,"88":0,"89":0,"90":0,"91":3,"92":0,"93":0,"94":0,"95":0,"96":0,"97":0,"98":0,"99":3,"100":1,"101":1,"102":1,"103":1,"104":1,"105":0,"106":1,"107":1,"108":1,"109":1,"110":3,"111":30,"112":3,"113":1,"114":0,"115":0,"116":0,"117":3,"118":17,"119":17,"120":17,"121":1700,"122":17,"123":17,"124":170,"125":170,"126":17},"f":{"0":8,"1":17,"2":210,"3":1,"4":10,"5":1,"6":1,"7":4,"8":40,"9":1,"10":5,"11":1,"12":0,"13":1,"14":30,"15":17,"16":1700},"b":{"0":[17,7],"1":[7,1],"2":[0,0],"3":[0,0],"4":[0,1],"5":[0,0],"6":[0,0],"7":[0,1],"8":[1,1],"9":[1,0],"10":[0,0],"11":[0,0],"12":[0,4],"13":[0,0],"14":[0,0],"15":[1,0],"16":[0,0],"17":[0,0],"18":[0,0],"19":[0,0],"20":[0,0],"21":[0,0],"22":[0,1],"23":[0,0],"24":[0,0]},"_coverageSchema":"1a1c01bbd47fc00a2c39e90264f33305004495a9","hash":"e53efacab778cfaa682912167f92460b39fde2e5"}
,"/Users/miketu/531/HW4/hw4/src/auth/authService.js": {"path":"/Users/miketu/531/HW4/hw4/src/auth/authService.js","statementMap":{},"fnMap":{},"branchMap":{},"s":{},"f":{},"b":{}}
,"/Users/miketu/531/HW4/hw4/src/auth/authSlice.js": {"path":"/Users/miketu/531/HW4/hw4/src/auth/authSlice.js","statementMap":{"0":{"start":{"line":4,"column":18},"end":{"line":4,"column":59}},"1":{"start":{"line":6,"column":21},"end":{"line":21,"column":1}},"2":{"start":{"line":23,"column":18},"end":{"line":117,"column":2}},"3":{"start":{"line":28,"column":12},"end":{"line":28,"column":48}},"4":{"start":{"line":29,"column":12},"end":{"line":29,"column":34}},"5":{"start":{"line":30,"column":12},"end":{"line":30,"column":34}},"6":{"start":{"line":31,"column":12},"end":{"line":31,"column":35}},"7":{"start":{"line":32,"column":12},"end":{"line":32,"column":31}},"8":{"start":{"line":35,"column":12},"end":{"line":39,"column":13}},"9":{"start":{"line":36,"column":16},"end":{"line":36,"column":48}},"10":{"start":{"line":38,"column":16},"end":{"line":38,"column":162}},"11":{"start":{"line":38,"column":63},"end":{"line":38,"column":160}},"12":{"start":{"line":42,"column":12},"end":{"line":42,"column":37}},"13":{"start":{"line":46,"column":8},"end":{"line":115,"column":11}},"14":{"start":{"line":48,"column":12},"end":{"line":48,"column":33}},"15":{"start":{"line":49,"column":12},"end":{"line":49,"column":31}},"16":{"start":{"line":52,"column":12},"end":{"line":52,"column":42}},"17":{"start":{"line":53,"column":12},"end":{"line":53,"column":34}},"18":{"start":{"line":54,"column":12},"end":{"line":54,"column":72}},"19":{"start":{"line":57,"column":12},"end":{"line":57,"column":34}},"20":{"start":{"line":58,"column":12},"end":{"line":58,"column":34}},"21":{"start":{"line":59,"column":12},"end":{"line":59,"column":72}},"22":{"start":{"line":61,"column":12},"end":{"line":61,"column":33}},"23":{"start":{"line":62,"column":12},"end":{"line":62,"column":31}},"24":{"start":{"line":64,"column":12},"end":{"line":64,"column":34}},"25":{"start":{"line":65,"column":12},"end":{"line":65,"column":72}},"26":{"start":{"line":67,"column":12},"end":{"line":67,"column":34}},"27":{"start":{"line":68,"column":12},"end":{"line":68,"column":34}},"28":{"start":{"line":69,"column":12},"end":{"line":69,"column":72}},"29":{"start":{"line":71,"column":12},"end":{"line":71,"column":38}},"30":{"start":{"line":73,"column":12},"end":{"line":73,"column":34}},"31":{"start":{"line":74,"column":12},"end":{"line":74,"column":40}},"32":{"start":{"line":75,"column":12},"end":{"line":75,"column":39}},"33":{"start":{"line":77,"column":12},"end":{"line":77,"column":29}},"34":{"start":{"line":78,"column":12},"end":{"line":78,"column":35}},"35":{"start":{"line":79,"column":12},"end":{"line":79,"column":39}},"36":{"start":{"line":81,"column":12},"end":{"line":81,"column":41}},"37":{"start":{"line":83,"column":12},"end":{"line":83,"column":42}},"38":{"start":{"line":84,"column":12},"end":{"line":84,"column":49}},"39":{"start":{"line":85,"column":12},"end":{"line":85,"column":57}},"40":{"start":{"line":86,"column":12},"end":{"line":86,"column":44}},"41":{"start":{"line":88,"column":12},"end":{"line":88,"column":42}},"42":{"start":{"line":90,"column":12},"end":{"line":90,"column":43}},"43":{"start":{"line":92,"column":12},"end":{"line":92,"column":94}},"44":{"start":{"line":92,"column":68},"end":{"line":92,"column":92}},"45":{"start":{"line":93,"column":12},"end":{"line":93,"column":78}},"46":{"start":{"line":93,"column":53},"end":{"line":93,"column":76}},"47":{"start":{"line":94,"column":12},"end":{"line":94,"column":84}},"48":{"start":{"line":94,"column":59},"end":{"line":94,"column":82}},"49":{"start":{"line":95,"column":12},"end":{"line":95,"column":44}},"50":{"start":{"line":97,"column":12},"end":{"line":97,"column":44}},"51":{"start":{"line":99,"column":12},"end":{"line":99,"column":37}},"52":{"start":{"line":101,"column":12},"end":{"line":101,"column":38}},"53":{"start":{"line":102,"column":12},"end":{"line":102,"column":46}},"54":{"start":{"line":104,"column":12},"end":{"line":104,"column":38}},"55":{"start":{"line":106,"column":12},"end":{"line":106,"column":36}},"56":{"start":{"line":108,"column":12},"end":{"line":108,"column":37}},"57":{"start":{"line":109,"column":12},"end":{"line":109,"column":41}},"58":{"start":{"line":110,"column":12},"end":{"line":110,"column":44}},"59":{"start":{"line":112,"column":12},"end":{"line":112,"column":37}},"60":{"start":{"line":114,"column":12},"end":{"line":114,"column":39}},"61":{"start":{"line":119,"column":39},"end":{"line":119,"column":56}}},"fnMap":{"0":{"name":"(anonymous_0)","decl":{"start":{"line":27,"column":16},"end":{"line":27,"column":17}},"loc":{"start":{"line":27,"column":27},"end":{"line":33,"column":9}},"line":27},"1":{"name":"(anonymous_1)","decl":{"start":{"line":34,"column":21},"end":{"line":34,"column":22}},"loc":{"start":{"line":34,"column":40},"end":{"line":40,"column":9}},"line":34},"2":{"name":"(anonymous_2)","decl":{"start":{"line":38,"column":55},"end":{"line":38,"column":56}},"loc":{"start":{"line":38,"column":63},"end":{"line":38,"column":160}},"line":38},"3":{"name":"(anonymous_3)","decl":{"start":{"line":41,"column":23},"end":{"line":41,"column":24}},"loc":{"start":{"line":41,"column":47},"end":{"line":43,"column":9}},"line":41},"4":{"name":"(anonymous_4)","decl":{"start":{"line":45,"column":19},"end":{"line":45,"column":20}},"loc":{"start":{"line":45,"column":32},"end":{"line":116,"column":5}},"line":45},"5":{"name":"(anonymous_5)","decl":{"start":{"line":47,"column":36},"end":{"line":47,"column":37}},"loc":{"start":{"line":47,"column":47},"end":{"line":50,"column":9}},"line":47},"6":{"name":"(anonymous_6)","decl":{"start":{"line":51,"column":38},"end":{"line":51,"column":39}},"loc":{"start":{"line":51,"column":62},"end":{"line":55,"column":9}},"line":51},"7":{"name":"(anonymous_7)","decl":{"start":{"line":56,"column":37},"end":{"line":56,"column":38}},"loc":{"start":{"line":56,"column":61},"end":{"line":60,"column":9}},"line":56},"8":{"name":"(anonymous_8)","decl":{"start":{"line":60,"column":41},"end":{"line":60,"column":42}},"loc":{"start":{"line":60,"column":52},"end":{"line":63,"column":9}},"line":60},"9":{"name":"(anonymous_9)","decl":{"start":{"line":63,"column":43},"end":{"line":63,"column":44}},"loc":{"start":{"line":63,"column":54},"end":{"line":66,"column":9}},"line":63},"10":{"name":"(anonymous_10)","decl":{"start":{"line":66,"column":42},"end":{"line":66,"column":43}},"loc":{"start":{"line":66,"column":64},"end":{"line":70,"column":9}},"line":66},"11":{"name":"(anonymous_11)","decl":{"start":{"line":70,"column":37},"end":{"line":70,"column":38}},"loc":{"start":{"line":70,"column":48},"end":{"line":72,"column":9}},"line":70},"12":{"name":"(anonymous_12)","decl":{"start":{"line":72,"column":39},"end":{"line":72,"column":40}},"loc":{"start":{"line":72,"column":61},"end":{"line":76,"column":9}},"line":72},"13":{"name":"(anonymous_13)","decl":{"start":{"line":76,"column":38},"end":{"line":76,"column":39}},"loc":{"start":{"line":76,"column":49},"end":{"line":80,"column":9}},"line":76},"14":{"name":"(anonymous_14)","decl":{"start":{"line":80,"column":41},"end":{"line":80,"column":42}},"loc":{"start":{"line":80,"column":52},"end":{"line":82,"column":9}},"line":80},"15":{"name":"(anonymous_15)","decl":{"start":{"line":82,"column":43},"end":{"line":82,"column":44}},"loc":{"start":{"line":82,"column":65},"end":{"line":87,"column":9}},"line":82},"16":{"name":"(anonymous_16)","decl":{"start":{"line":87,"column":42},"end":{"line":87,"column":43}},"loc":{"start":{"line":87,"column":53},"end":{"line":89,"column":9}},"line":87},"17":{"name":"(anonymous_17)","decl":{"start":{"line":89,"column":44},"end":{"line":89,"column":45}},"loc":{"start":{"line":89,"column":55},"end":{"line":91,"column":9}},"line":89},"18":{"name":"(anonymous_18)","decl":{"start":{"line":91,"column":46},"end":{"line":91,"column":47}},"loc":{"start":{"line":91,"column":70},"end":{"line":96,"column":9}},"line":91},"19":{"name":"(anonymous_19)","decl":{"start":{"line":92,"column":55},"end":{"line":92,"column":56}},"loc":{"start":{"line":92,"column":68},"end":{"line":92,"column":92}},"line":92},"20":{"name":"(anonymous_20)","decl":{"start":{"line":93,"column":45},"end":{"line":93,"column":46}},"loc":{"start":{"line":93,"column":53},"end":{"line":93,"column":76}},"line":93},"21":{"name":"(anonymous_21)","decl":{"start":{"line":94,"column":51},"end":{"line":94,"column":52}},"loc":{"start":{"line":94,"column":59},"end":{"line":94,"column":82}},"line":94},"22":{"name":"(anonymous_22)","decl":{"start":{"line":96,"column":45},"end":{"line":96,"column":46}},"loc":{"start":{"line":96,"column":56},"end":{"line":98,"column":9}},"line":96},"23":{"name":"(anonymous_23)","decl":{"start":{"line":98,"column":46},"end":{"line":98,"column":47}},"loc":{"start":{"line":98,"column":57},"end":{"line":100,"column":9}},"line":98},"24":{"name":"(anonymous_24)","decl":{"start":{"line":100,"column":48},"end":{"line":100,"column":49}},"loc":{"start":{"line":100,"column":72},"end":{"line":103,"column":9}},"line":100},"25":{"name":"(anonymous_25)","decl":{"start":{"line":103,"column":47},"end":{"line":103,"column":48}},"loc":{"start":{"line":103,"column":58},"end":{"line":105,"column":9}},"line":103},"26":{"name":"(anonymous_26)","decl":{"start":{"line":105,"column":36},"end":{"line":105,"column":37}},"loc":{"start":{"line":105,"column":47},"end":{"line":107,"column":9}},"line":105},"27":{"name":"(anonymous_27)","decl":{"start":{"line":107,"column":38},"end":{"line":107,"column":39}},"loc":{"start":{"line":107,"column":62},"end":{"line":111,"column":9}},"line":107},"28":{"name":"(anonymous_28)","decl":{"start":{"line":111,"column":37},"end":{"line":111,"column":38}},"loc":{"start":{"line":111,"column":48},"end":{"line":113,"column":9}},"line":111},"29":{"name":"(anonymous_29)","decl":{"start":{"line":113,"column":44},"end":{"line":113,"column":45}},"loc":{"start":{"line":113,"column":68},"end":{"line":115,"column":9}},"line":113}},"branchMap":{"0":{"loc":{"start":{"line":4,"column":18},"end":{"line":4,"column":59}},"type":"binary-expr","locations":[{"start":{"line":4,"column":18},"end":{"line":4,"column":51}},{"start":{"line":4,"column":55},"end":{"line":4,"column":59}}],"line":4},"1":{"loc":{"start":{"line":35,"column":12},"end":{"line":39,"column":13}},"type":"if","locations":[{"start":{"line":35,"column":12},"end":{"line":39,"column":13}},{"start":{"line":37,"column":19},"end":{"line":39,"column":13}}],"line":35},"2":{"loc":{"start":{"line":38,"column":63},"end":{"line":38,"column":160}},"type":"binary-expr","locations":[{"start":{"line":38,"column":63},"end":{"line":38,"column":107}},{"start":{"line":38,"column":111},"end":{"line":38,"column":160}}],"line":38},"3":{"loc":{"start":{"line":54,"column":30},"end":{"line":54,"column":71}},"type":"binary-expr","locations":[{"start":{"line":54,"column":30},"end":{"line":54,"column":63}},{"start":{"line":54,"column":67},"end":{"line":54,"column":71}}],"line":54},"4":{"loc":{"start":{"line":59,"column":30},"end":{"line":59,"column":71}},"type":"binary-expr","locations":[{"start":{"line":59,"column":30},"end":{"line":59,"column":63}},{"start":{"line":59,"column":67},"end":{"line":59,"column":71}}],"line":59},"5":{"loc":{"start":{"line":65,"column":30},"end":{"line":65,"column":71}},"type":"binary-expr","locations":[{"start":{"line":65,"column":30},"end":{"line":65,"column":63}},{"start":{"line":65,"column":67},"end":{"line":65,"column":71}}],"line":65},"6":{"loc":{"start":{"line":69,"column":30},"end":{"line":69,"column":71}},"type":"binary-expr","locations":[{"start":{"line":69,"column":30},"end":{"line":69,"column":63}},{"start":{"line":69,"column":67},"end":{"line":69,"column":71}}],"line":69}},"s":{"0":3,"1":3,"2":3,"3":1,"4":1,"5":1,"6":1,"7":1,"8":2,"9":0,"10":2,"11":80,"12":0,"13":3,"14":8,"15":8,"16":7,"17":7,"18":7,"19":1,"20":1,"21":1,"22":1,"23":1,"24":1,"25":1,"26":0,"27":0,"28":0,"29":4,"30":4,"31":4,"32":4,"33":0,"34":0,"35":0,"36":1,"37":1,"38":1,"39":1,"40":1,"41":0,"42":1,"43":1,"44":3,"45":1,"46":40,"47":1,"48":30,"49":1,"50":0,"51":1,"52":1,"53":1,"54":0,"55":0,"56":0,"57":0,"58":0,"59":0,"60":1,"61":3},"f":{"0":1,"1":2,"2":80,"3":0,"4":3,"5":8,"6":7,"7":1,"8":1,"9":1,"10":0,"11":4,"12":4,"13":0,"14":1,"15":1,"16":0,"17":1,"18":1,"19":3,"20":40,"21":30,"22":0,"23":1,"24":1,"25":0,"26":0,"27":0,"28":0,"29":1},"b":{"0":[3,3],"1":[0,2],"2":[80,74],"3":[7,0],"4":[1,1],"5":[1,0],"6":[0,0]},"_coverageSchema":"1a1c01bbd47fc00a2c39e90264f33305004495a9","hash":"621332f13667a2ae70c17ade3094519856c9038c"}
,"/Users/miketu/531/HW4/hw4/src/auth/registeration/registeration.jsx": {"path":"/Users/miketu/531/HW4/hw4/src/auth/registeration/registeration.jsx","statementMap":{"0":{"start":{"line":14,"column":4},"end":{"line":14,"column":32}},"1":{"start":{"line":14,"column":19},"end":{"line":14,"column":32}},"2":{"start":{"line":15,"column":18},"end":{"line":15,"column":28}},"3":{"start":{"line":16,"column":31},"end":{"line":16,"column":39}},"4":{"start":{"line":17,"column":16},"end":{"line":17,"column":42}},"5":{"start":{"line":18,"column":22},"end":{"line":18,"column":46}},"6":{"start":{"line":19,"column":21},"end":{"line":19,"column":79}},"7":{"start":{"line":20,"column":4},"end":{"line":20,"column":41}},"8":{"start":{"line":24,"column":28},"end":{"line":24,"column":40}},"9":{"start":{"line":25,"column":36},"end":{"line":25,"column":48}},"10":{"start":{"line":26,"column":42},"end":{"line":26,"column":54}},"11":{"start":{"line":27,"column":36},"end":{"line":27,"column":48}},"12":{"start":{"line":28,"column":30},"end":{"line":28,"column":42}},"13":{"start":{"line":29,"column":34},"end":{"line":29,"column":46}},"14":{"start":{"line":30,"column":36},"end":{"line":30,"column":48}},"15":{"start":{"line":31,"column":50},"end":{"line":31,"column":62}},"16":{"start":{"line":32,"column":40},"end":{"line":32,"column":55}},"17":{"start":{"line":33,"column":38},"end":{"line":33,"column":50}},"18":{"start":{"line":34,"column":32},"end":{"line":34,"column":44}},"19":{"start":{"line":35,"column":21},"end":{"line":35,"column":34}},"20":{"start":{"line":36,"column":21},"end":{"line":36,"column":34}},"21":{"start":{"line":38,"column":19},"end":{"line":71,"column":5}},"22":{"start":{"line":39,"column":32},"end":{"line":39,"column":56}},"23":{"start":{"line":40,"column":35},"end":{"line":40,"column":45}},"24":{"start":{"line":41,"column":29},"end":{"line":41,"column":72}},"25":{"start":{"line":42,"column":31},"end":{"line":42,"column":42}},"26":{"start":{"line":43,"column":32},"end":{"line":43,"column":106}},"27":{"start":{"line":44,"column":8},"end":{"line":68,"column":9}},"28":{"start":{"line":45,"column":12},"end":{"line":45,"column":49}},"29":{"start":{"line":46,"column":12},"end":{"line":46,"column":25}},"30":{"start":{"line":47,"column":15},"end":{"line":68,"column":9}},"31":{"start":{"line":48,"column":12},"end":{"line":48,"column":121}},"32":{"start":{"line":49,"column":12},"end":{"line":49,"column":25}},"33":{"start":{"line":50,"column":15},"end":{"line":68,"column":9}},"34":{"start":{"line":51,"column":12},"end":{"line":51,"column":60}},"35":{"start":{"line":52,"column":12},"end":{"line":52,"column":25}},"36":{"start":{"line":53,"column":15},"end":{"line":68,"column":9}},"37":{"start":{"line":54,"column":12},"end":{"line":54,"column":92}},"38":{"start":{"line":55,"column":12},"end":{"line":55,"column":25}},"39":{"start":{"line":56,"column":15},"end":{"line":68,"column":9}},"40":{"start":{"line":57,"column":12},"end":{"line":57,"column":53}},"41":{"start":{"line":58,"column":12},"end":{"line":58,"column":25}},"42":{"start":{"line":59,"column":15},"end":{"line":68,"column":9}},"43":{"start":{"line":60,"column":12},"end":{"line":60,"column":55}},"44":{"start":{"line":61,"column":12},"end":{"line":61,"column":25}},"45":{"start":{"line":62,"column":15},"end":{"line":68,"column":9}},"46":{"start":{"line":63,"column":12},"end":{"line":63,"column":218}},"47":{"start":{"line":64,"column":12},"end":{"line":64,"column":25}},"48":{"start":{"line":65,"column":15},"end":{"line":68,"column":9}},"49":{"start":{"line":66,"column":12},"end":{"line":66,"column":79}},"50":{"start":{"line":67,"column":12},"end":{"line":67,"column":25}},"51":{"start":{"line":70,"column":8},"end":{"line":70,"column":20}},"52":{"start":{"line":73,"column":21},"end":{"line":89,"column":5}},"53":{"start":{"line":74,"column":8},"end":{"line":77,"column":9}},"54":{"start":{"line":75,"column":12},"end":{"line":75,"column":32}},"55":{"start":{"line":76,"column":12},"end":{"line":76,"column":19}},"56":{"start":{"line":79,"column":28},"end":{"line":79,"column":107}},"57":{"start":{"line":80,"column":8},"end":{"line":80,"column":33}},"58":{"start":{"line":82,"column":8},"end":{"line":88,"column":9}},"59":{"start":{"line":83,"column":12},"end":{"line":83,"column":37}},"60":{"start":{"line":84,"column":12},"end":{"line":84,"column":30}},"61":{"start":{"line":86,"column":12},"end":{"line":86,"column":43}},"62":{"start":{"line":87,"column":12},"end":{"line":87,"column":32}},"63":{"start":{"line":91,"column":4},"end":{"line":188,"column":6}},"64":{"start":{"line":106,"column":28},"end":{"line":106,"column":52}},"65":{"start":{"line":114,"column":28},"end":{"line":114,"column":56}},"66":{"start":{"line":122,"column":28},"end":{"line":122,"column":59}},"67":{"start":{"line":130,"column":28},"end":{"line":130,"column":53}},"68":{"start":{"line":139,"column":32},"end":{"line":139,"column":85}},"69":{"start":{"line":148,"column":28},"end":{"line":148,"column":55}},"70":{"start":{"line":157,"column":28},"end":{"line":157,"column":56}},"71":{"start":{"line":166,"column":28},"end":{"line":166,"column":63}},"72":{"start":{"line":172,"column":40},"end":{"line":172,"column":61}},"73":{"start":{"line":173,"column":40},"end":{"line":173,"column":54}}},"fnMap":{"0":{"name":"calculateAge","decl":{"start":{"line":13,"column":9},"end":{"line":13,"column":21}},"loc":{"start":{"line":13,"column":32},"end":{"line":21,"column":1}},"line":13},"1":{"name":"Registeration","decl":{"start":{"line":23,"column":9},"end":{"line":23,"column":22}},"loc":{"start":{"line":23,"column":25},"end":{"line":189,"column":1}},"line":23},"2":{"name":"(anonymous_2)","decl":{"start":{"line":38,"column":19},"end":{"line":38,"column":20}},"loc":{"start":{"line":38,"column":25},"end":{"line":71,"column":5}},"line":38},"3":{"name":"(anonymous_3)","decl":{"start":{"line":73,"column":21},"end":{"line":73,"column":22}},"loc":{"start":{"line":73,"column":33},"end":{"line":89,"column":5}},"line":73},"4":{"name":"(anonymous_4)","decl":{"start":{"line":105,"column":34},"end":{"line":105,"column":35}},"loc":{"start":{"line":105,"column":41},"end":{"line":107,"column":25}},"line":105},"5":{"name":"(anonymous_5)","decl":{"start":{"line":113,"column":34},"end":{"line":113,"column":35}},"loc":{"start":{"line":113,"column":41},"end":{"line":115,"column":25}},"line":113},"6":{"name":"(anonymous_6)","decl":{"start":{"line":121,"column":34},"end":{"line":121,"column":35}},"loc":{"start":{"line":121,"column":41},"end":{"line":123,"column":25}},"line":121},"7":{"name":"(anonymous_7)","decl":{"start":{"line":129,"column":34},"end":{"line":129,"column":35}},"loc":{"start":{"line":129,"column":41},"end":{"line":131,"column":25}},"line":129},"8":{"name":"(anonymous_8)","decl":{"start":{"line":138,"column":38},"end":{"line":138,"column":39}},"loc":{"start":{"line":138,"column":52},"end":{"line":140,"column":29}},"line":138},"9":{"name":"(anonymous_9)","decl":{"start":{"line":147,"column":34},"end":{"line":147,"column":35}},"loc":{"start":{"line":147,"column":41},"end":{"line":149,"column":25}},"line":147},"10":{"name":"(anonymous_10)","decl":{"start":{"line":156,"column":34},"end":{"line":156,"column":35}},"loc":{"start":{"line":156,"column":41},"end":{"line":158,"column":25}},"line":156},"11":{"name":"(anonymous_11)","decl":{"start":{"line":165,"column":34},"end":{"line":165,"column":35}},"loc":{"start":{"line":165,"column":41},"end":{"line":167,"column":25}},"line":165},"12":{"name":"(anonymous_12)","decl":{"start":{"line":171,"column":62},"end":{"line":171,"column":63}},"loc":{"start":{"line":171,"column":68},"end":{"line":174,"column":37}},"line":171}},"branchMap":{"0":{"loc":{"start":{"line":14,"column":4},"end":{"line":14,"column":32}},"type":"if","locations":[{"start":{"line":14,"column":4},"end":{"line":14,"column":32}},{"start":{},"end":{}}],"line":14},"1":{"loc":{"start":{"line":19,"column":21},"end":{"line":19,"column":79}},"type":"binary-expr","locations":[{"start":{"line":19,"column":21},"end":{"line":19,"column":34}},{"start":{"line":19,"column":39},"end":{"line":19,"column":53}},{"start":{"line":19,"column":57},"end":{"line":19,"column":78}}],"line":19},"2":{"loc":{"start":{"line":20,"column":18},"end":{"line":20,"column":33}},"type":"cond-expr","locations":[{"start":{"line":20,"column":28},"end":{"line":20,"column":29}},{"start":{"line":20,"column":32},"end":{"line":20,"column":33}}],"line":20},"3":{"loc":{"start":{"line":44,"column":8},"end":{"line":68,"column":9}},"type":"if","locations":[{"start":{"line":44,"column":8},"end":{"line":68,"column":9}},{"start":{"line":47,"column":15},"end":{"line":68,"column":9}}],"line":44},"4":{"loc":{"start":{"line":47,"column":15},"end":{"line":68,"column":9}},"type":"if","locations":[{"start":{"line":47,"column":15},"end":{"line":68,"column":9}},{"start":{"line":50,"column":15},"end":{"line":68,"column":9}}],"line":47},"5":{"loc":{"start":{"line":50,"column":15},"end":{"line":68,"column":9}},"type":"if","locations":[{"start":{"line":50,"column":15},"end":{"line":68,"column":9}},{"start":{"line":53,"column":15},"end":{"line":68,"column":9}}],"line":50},"6":{"loc":{"start":{"line":53,"column":15},"end":{"line":68,"column":9}},"type":"if","locations":[{"start":{"line":53,"column":15},"end":{"line":68,"column":9}},{"start":{"line":56,"column":15},"end":{"line":68,"column":9}}],"line":53},"7":{"loc":{"start":{"line":56,"column":15},"end":{"line":68,"column":9}},"type":"if","locations":[{"start":{"line":56,"column":15},"end":{"line":68,"column":9}},{"start":{"line":59,"column":15},"end":{"line":68,"column":9}}],"line":56},"8":{"loc":{"start":{"line":59,"column":15},"end":{"line":68,"column":9}},"type":"if","locations":[{"start":{"line":59,"column":15},"end":{"line":68,"column":9}},{"start":{"line":62,"column":15},"end":{"line":68,"column":9}}],"line":59},"9":{"loc":{"start":{"line":62,"column":15},"end":{"line":68,"column":9}},"type":"if","locations":[{"start":{"line":62,"column":15},"end":{"line":68,"column":9}},{"start":{"line":65,"column":15},"end":{"line":68,"column":9}}],"line":62},"10":{"loc":{"start":{"line":65,"column":15},"end":{"line":68,"column":9}},"type":"if","locations":[{"start":{"line":65,"column":15},"end":{"line":68,"column":9}},{"start":{},"end":{}}],"line":65},"11":{"loc":{"start":{"line":74,"column":8},"end":{"line":77,"column":9}},"type":"if","locations":[{"start":{"line":74,"column":8},"end":{"line":77,"column":9}},{"start":{},"end":{}}],"line":74},"12":{"loc":{"start":{"line":82,"column":8},"end":{"line":88,"column":9}},"type":"if","locations":[{"start":{"line":82,"column":8},"end":{"line":88,"column":9}},{"start":{"line":85,"column":15},"end":{"line":88,"column":9}}],"line":82},"13":{"loc":{"start":{"line":170,"column":21},"end":{"line":178,"column":50}},"type":"cond-expr","locations":[{"start":{"line":170,"column":34},"end":{"line":178,"column":42}},{"start":{"line":178,"column":45},"end":{"line":178,"column":50}}],"line":170}},"s":{"0":0,"1":0,"2":0,"3":0,"4":0,"5":0,"6":0,"7":0,"8":0,"9":0,"10":0,"11":0,"12":0,"13":0,"14":0,"15":0,"16":0,"17":0,"18":0,"19":0,"20":0,"21":0,"22":0,"23":0,"24":0,"25":0,"26":0,"27":0,"28":0,"29":0,"30":0,"31":0,"32":0,"33":0,"34":0,"35":0,"36":0,"37":0,"38":0,"39":0,"40":0,"41":0,"42":0,"43":0,"44":0,"45":0,"46":0,"47":0,"48":0,"49":0,"50":0,"51":0,"52":0,"53":0,"54":0,"55":0,"56":0,"57":0,"58":0,"59":0,"60":0,"61":0,"62":0,"63":0,"64":0,"65":0,"66":0,"67":0,"68":0,"69":0,"70":0,"71":0,"72":0,"73":0},"f":{"0":0,"1":0,"2":0,"3":0,"4":0,"5":0,"6":0,"7":0,"8":0,"9":0,"10":0,"11":0,"12":0},"b":{"0":[0,0],"1":[0,0,0],"2":[0,0],"3":[0,0],"4":[0,0],"5":[0,0],"6":[0,0],"7":[0,0],"8":[0,0],"9":[0,0],"10":[0,0],"11":[0,0],"12":[0,0],"13":[0,0]}}
,"/Users/miketu/531/HW4/hw4/src/main/main.jsx": {"path":"/Users/miketu/531/HW4/hw4/src/main/main.jsx","statementMap":{"0":{"start":{"line":26,"column":23},"end":{"line":37,"column":1}},"1":{"start":{"line":27,"column":17},"end":{"line":27,"column":27}},"2":{"start":{"line":28,"column":14},"end":{"line":28,"column":28}},"3":{"start":{"line":29,"column":16},"end":{"line":29,"column":35}},"4":{"start":{"line":30,"column":15},"end":{"line":30,"column":33}},"5":{"start":{"line":31,"column":15},"end":{"line":31,"column":30}},"6":{"start":{"line":32,"column":17},"end":{"line":32,"column":34}},"7":{"start":{"line":34,"column":22},"end":{"line":34,"column":65}},"8":{"start":{"line":36,"column":4},"end":{"line":36,"column":23}},"9":{"start":{"line":40,"column":16},"end":{"line":40,"column":66}},"10":{"start":{"line":42,"column":91},"end":{"line":42,"column":123}},"11":{"start":{"line":42,"column":112},"end":{"line":42,"column":122}},"12":{"start":{"line":43,"column":21},"end":{"line":43,"column":34}},"13":{"start":{"line":44,"column":21},"end":{"line":44,"column":34}},"14":{"start":{"line":45,"column":34},"end":{"line":45,"column":46}},"15":{"start":{"line":46,"column":44},"end":{"line":46,"column":56}},"16":{"start":{"line":47,"column":36},"end":{"line":47,"column":48}},"17":{"start":{"line":48,"column":26},"end":{"line":48,"column":37}},"18":{"start":{"line":49,"column":32},"end":{"line":49,"column":44}},"19":{"start":{"line":50,"column":46},"end":{"line":50,"column":61}},"20":{"start":{"line":51,"column":42},"end":{"line":51,"column":54}},"21":{"start":{"line":52,"column":50},"end":{"line":52,"column":65}},"22":{"start":{"line":53,"column":46},"end":{"line":53,"column":58}},"23":{"start":{"line":54,"column":38},"end":{"line":54,"column":50}},"24":{"start":{"line":55,"column":44},"end":{"line":55,"column":59}},"25":{"start":{"line":56,"column":41},"end":{"line":56,"column":53}},"26":{"start":{"line":57,"column":46},"end":{"line":57,"column":58}},"27":{"start":{"line":58,"column":48},"end":{"line":58,"column":60}},"28":{"start":{"line":59,"column":52},"end":{"line":59,"column":67}},"29":{"start":{"line":60,"column":44},"end":{"line":60,"column":56}},"30":{"start":{"line":61,"column":46},"end":{"line":61,"column":61}},"31":{"start":{"line":62,"column":36},"end":{"line":62,"column":51}},"32":{"start":{"line":64,"column":31},"end":{"line":66,"column":5}},"33":{"start":{"line":65,"column":8},"end":{"line":65,"column":30}},"34":{"start":{"line":68,"column":30},"end":{"line":71,"column":5}},"35":{"start":{"line":69,"column":8},"end":{"line":69,"column":31}},"36":{"start":{"line":70,"column":8},"end":{"line":70,"column":27}},"37":{"start":{"line":73,"column":32},"end":{"line":75,"column":5}},"38":{"start":{"line":74,"column":8},"end":{"line":74,"column":31}},"39":{"start":{"line":77,"column":33},"end":{"line":81,"column":5}},"40":{"start":{"line":78,"column":8},"end":{"line":78,"column":32}},"41":{"start":{"line":79,"column":8},"end":{"line":79,"column":27}},"42":{"start":{"line":80,"column":8},"end":{"line":80,"column":25}},"43":{"start":{"line":83,"column":29},"end":{"line":85,"column":5}},"44":{"start":{"line":84,"column":8},"end":{"line":84,"column":33}},"45":{"start":{"line":87,"column":30},"end":{"line":90,"column":5}},"46":{"start":{"line":88,"column":8},"end":{"line":88,"column":34}},"47":{"start":{"line":89,"column":8},"end":{"line":89,"column":29}},"48":{"start":{"line":92,"column":35},"end":{"line":94,"column":5}},"49":{"start":{"line":93,"column":8},"end":{"line":93,"column":34}},"50":{"start":{"line":96,"column":33},"end":{"line":101,"column":5}},"51":{"start":{"line":97,"column":8},"end":{"line":97,"column":35}},"52":{"start":{"line":98,"column":8},"end":{"line":98,"column":30}},"53":{"start":{"line":99,"column":8},"end":{"line":99,"column":32}},"54":{"start":{"line":100,"column":8},"end":{"line":100,"column":28}},"55":{"start":{"line":103,"column":21},"end":{"line":109,"column":5}},"56":{"start":{"line":104,"column":28},"end":{"line":104,"column":30}},"57":{"start":{"line":105,"column":8},"end":{"line":105,"column":49}},"58":{"start":{"line":107,"column":8},"end":{"line":107,"column":31}},"59":{"start":{"line":108,"column":8},"end":{"line":108,"column":27}},"60":{"start":{"line":111,"column":23},"end":{"line":125,"column":5}},"61":{"start":{"line":112,"column":25},"end":{"line":112,"column":28}},"62":{"start":{"line":113,"column":23},"end":{"line":113,"column":26}},"63":{"start":{"line":114,"column":22},"end":{"line":114,"column":31}},"64":{"start":{"line":115,"column":21},"end":{"line":115,"column":32}},"65":{"start":{"line":116,"column":21},"end":{"line":116,"column":37}},"66":{"start":{"line":117,"column":23},"end":{"line":117,"column":31}},"67":{"start":{"line":118,"column":25},"end":{"line":118,"column":27}},"68":{"start":{"line":120,"column":8},"end":{"line":120,"column":95}},"69":{"start":{"line":122,"column":8},"end":{"line":122,"column":31}},"70":{"start":{"line":123,"column":8},"end":{"line":123,"column":28}},"71":{"start":{"line":124,"column":8},"end":{"line":124,"column":27}},"72":{"start":{"line":127,"column":25},"end":{"line":131,"column":5}},"73":{"start":{"line":128,"column":8},"end":{"line":128,"column":56}},"74":{"start":{"line":129,"column":8},"end":{"line":129,"column":33}},"75":{"start":{"line":130,"column":8},"end":{"line":130,"column":28}},"76":{"start":{"line":133,"column":28},"end":{"line":159,"column":5}},"77":{"start":{"line":134,"column":8},"end":{"line":135,"column":19}},"78":{"start":{"line":135,"column":12},"end":{"line":135,"column":19}},"79":{"start":{"line":137,"column":8},"end":{"line":140,"column":9}},"80":{"start":{"line":137,"column":37},"end":{"line":137,"column":66}},"81":{"start":{"line":138,"column":12},"end":{"line":138,"column":35}},"82":{"start":{"line":139,"column":12},"end":{"line":139,"column":19}},"83":{"start":{"line":142,"column":8},"end":{"line":146,"column":9}},"84":{"start":{"line":143,"column":12},"end":{"line":143,"column":59}},"85":{"start":{"line":144,"column":12},"end":{"line":144,"column":35}},"86":{"start":{"line":145,"column":12},"end":{"line":145,"column":19}},"87":{"start":{"line":148,"column":30},"end":{"line":148,"column":44}},"88":{"start":{"line":149,"column":8},"end":{"line":158,"column":11}},"89":{"start":{"line":150,"column":12},"end":{"line":154,"column":13}},"90":{"start":{"line":151,"column":16},"end":{"line":151,"column":45}},"91":{"start":{"line":152,"column":16},"end":{"line":152,"column":39}},"92":{"start":{"line":153,"column":16},"end":{"line":153,"column":23}},"93":{"start":{"line":155,"column":12},"end":{"line":155,"column":35}},"94":{"start":{"line":156,"column":12},"end":{"line":156,"column":35}},"95":{"start":{"line":157,"column":12},"end":{"line":157,"column":31}},"96":{"start":{"line":161,"column":26},"end":{"line":163,"column":5}},"97":{"start":{"line":162,"column":8},"end":{"line":162,"column":29}},"98":{"start":{"line":165,"column":4},"end":{"line":180,"column":18}},"99":{"start":{"line":166,"column":8},"end":{"line":179,"column":9}},"100":{"start":{"line":167,"column":34},"end":{"line":167,"column":54}},"101":{"start":{"line":168,"column":12},"end":{"line":168,"column":30}},"102":{"start":{"line":169,"column":12},"end":{"line":169,"column":31}},"103":{"start":{"line":170,"column":12},"end":{"line":170,"column":56}},"104":{"start":{"line":172,"column":12},"end":{"line":174,"column":15}},"105":{"start":{"line":173,"column":16},"end":{"line":173,"column":42}},"106":{"start":{"line":176,"column":12},"end":{"line":178,"column":15}},"107":{"start":{"line":177,"column":16},"end":{"line":177,"column":52}},"108":{"start":{"line":182,"column":4},"end":{"line":184,"column":21}},"109":{"start":{"line":183,"column":8},"end":{"line":183,"column":34}},"110":{"start":{"line":186,"column":4},"end":{"line":188,"column":20}},"111":{"start":{"line":187,"column":8},"end":{"line":187,"column":55}},"112":{"start":{"line":190,"column":4},"end":{"line":192,"column":22}},"113":{"start":{"line":191,"column":8},"end":{"line":191,"column":36}},"114":{"start":{"line":194,"column":4},"end":{"line":489,"column":5}},"115":{"start":{"line":208,"column":40},"end":{"line":208,"column":58}},"116":{"start":{"line":251,"column":44},"end":{"line":269,"column":61}},"117":{"start":{"line":262,"column":72},"end":{"line":262,"column":95}},"118":{"start":{"line":290,"column":68},"end":{"line":290,"column":99}},"119":{"start":{"line":314,"column":60},"end":{"line":318,"column":61}},"120":{"start":{"line":315,"column":64},"end":{"line":315,"column":84}},"121":{"start":{"line":317,"column":64},"end":{"line":317,"column":85}},"122":{"start":{"line":329,"column":77},"end":{"line":329,"column":185}},"123":{"start":{"line":330,"column":60},"end":{"line":330,"column":230}},"124":{"start":{"line":365,"column":44},"end":{"line":365,"column":74}},"125":{"start":{"line":374,"column":40},"end":{"line":374,"column":69}},"126":{"start":{"line":383,"column":40},"end":{"line":383,"column":71}},"127":{"start":{"line":394,"column":40},"end":{"line":394,"column":57}},"128":{"start":{"line":395,"column":40},"end":{"line":395,"column":59}},"129":{"start":{"line":439,"column":40},"end":{"line":439,"column":73}},"130":{"start":{"line":473,"column":40},"end":{"line":473,"column":74}},"131":{"start":{"line":479,"column":40},"end":{"line":479,"column":60}},"132":{"start":{"line":480,"column":40},"end":{"line":480,"column":64}}},"fnMap":{"0":{"name":"(anonymous_0)","decl":{"start":{"line":26,"column":23},"end":{"line":26,"column":24}},"loc":{"start":{"line":26,"column":29},"end":{"line":37,"column":1}},"line":26},"1":{"name":"Main","decl":{"start":{"line":39,"column":9},"end":{"line":39,"column":13}},"loc":{"start":{"line":39,"column":16},"end":{"line":490,"column":1}},"line":39},"2":{"name":"(anonymous_2)","decl":{"start":{"line":42,"column":103},"end":{"line":42,"column":104}},"loc":{"start":{"line":42,"column":112},"end":{"line":42,"column":122}},"line":42},"3":{"name":"(anonymous_3)","decl":{"start":{"line":64,"column":31},"end":{"line":64,"column":32}},"loc":{"start":{"line":64,"column":37},"end":{"line":66,"column":5}},"line":64},"4":{"name":"(anonymous_4)","decl":{"start":{"line":68,"column":30},"end":{"line":68,"column":31}},"loc":{"start":{"line":68,"column":36},"end":{"line":71,"column":5}},"line":68},"5":{"name":"(anonymous_5)","decl":{"start":{"line":73,"column":32},"end":{"line":73,"column":33}},"loc":{"start":{"line":73,"column":38},"end":{"line":75,"column":5}},"line":73},"6":{"name":"(anonymous_6)","decl":{"start":{"line":77,"column":33},"end":{"line":77,"column":34}},"loc":{"start":{"line":77,"column":39},"end":{"line":81,"column":5}},"line":77},"7":{"name":"(anonymous_7)","decl":{"start":{"line":83,"column":29},"end":{"line":83,"column":30}},"loc":{"start":{"line":83,"column":35},"end":{"line":85,"column":5}},"line":83},"8":{"name":"(anonymous_8)","decl":{"start":{"line":87,"column":30},"end":{"line":87,"column":31}},"loc":{"start":{"line":87,"column":36},"end":{"line":90,"column":5}},"line":87},"9":{"name":"(anonymous_9)","decl":{"start":{"line":92,"column":35},"end":{"line":92,"column":36}},"loc":{"start":{"line":92,"column":41},"end":{"line":94,"column":5}},"line":92},"10":{"name":"(anonymous_10)","decl":{"start":{"line":96,"column":33},"end":{"line":96,"column":34}},"loc":{"start":{"line":96,"column":39},"end":{"line":101,"column":5}},"line":96},"11":{"name":"(anonymous_11)","decl":{"start":{"line":103,"column":21},"end":{"line":103,"column":22}},"loc":{"start":{"line":103,"column":29},"end":{"line":109,"column":5}},"line":103},"12":{"name":"(anonymous_12)","decl":{"start":{"line":111,"column":23},"end":{"line":111,"column":24}},"loc":{"start":{"line":111,"column":29},"end":{"line":125,"column":5}},"line":111},"13":{"name":"(anonymous_13)","decl":{"start":{"line":127,"column":25},"end":{"line":127,"column":26}},"loc":{"start":{"line":127,"column":31},"end":{"line":131,"column":5}},"line":127},"14":{"name":"(anonymous_14)","decl":{"start":{"line":133,"column":28},"end":{"line":133,"column":29}},"loc":{"start":{"line":133,"column":34},"end":{"line":159,"column":5}},"line":133},"15":{"name":"(anonymous_15)","decl":{"start":{"line":137,"column":32},"end":{"line":137,"column":33}},"loc":{"start":{"line":137,"column":37},"end":{"line":137,"column":66}},"line":137},"16":{"name":"(anonymous_16)","decl":{"start":{"line":149,"column":55},"end":{"line":149,"column":56}},"loc":{"start":{"line":149,"column":64},"end":{"line":158,"column":9}},"line":149},"17":{"name":"(anonymous_17)","decl":{"start":{"line":161,"column":26},"end":{"line":161,"column":27}},"loc":{"start":{"line":161,"column":32},"end":{"line":163,"column":5}},"line":161},"18":{"name":"(anonymous_18)","decl":{"start":{"line":165,"column":14},"end":{"line":165,"column":15}},"loc":{"start":{"line":165,"column":20},"end":{"line":180,"column":5}},"line":165},"19":{"name":"(anonymous_19)","decl":{"start":{"line":172,"column":51},"end":{"line":172,"column":52}},"loc":{"start":{"line":172,"column":64},"end":{"line":174,"column":13}},"line":172},"20":{"name":"(anonymous_20)","decl":{"start":{"line":176,"column":56},"end":{"line":176,"column":57}},"loc":{"start":{"line":176,"column":74},"end":{"line":178,"column":13}},"line":176},"21":{"name":"(anonymous_21)","decl":{"start":{"line":182,"column":14},"end":{"line":182,"column":15}},"loc":{"start":{"line":182,"column":20},"end":{"line":184,"column":5}},"line":182},"22":{"name":"(anonymous_22)","decl":{"start":{"line":186,"column":14},"end":{"line":186,"column":15}},"loc":{"start":{"line":186,"column":20},"end":{"line":188,"column":5}},"line":186},"23":{"name":"(anonymous_23)","decl":{"start":{"line":190,"column":14},"end":{"line":190,"column":15}},"loc":{"start":{"line":190,"column":20},"end":{"line":192,"column":5}},"line":190},"24":{"name":"(anonymous_24)","decl":{"start":{"line":207,"column":45},"end":{"line":207,"column":46}},"loc":{"start":{"line":207,"column":51},"end":{"line":209,"column":37}},"line":207},"25":{"name":"(anonymous_25)","decl":{"start":{"line":250,"column":60},"end":{"line":250,"column":61}},"loc":{"start":{"line":250,"column":79},"end":{"line":270,"column":41}},"line":250},"26":{"name":"(anonymous_26)","decl":{"start":{"line":261,"column":89},"end":{"line":261,"column":90}},"loc":{"start":{"line":261,"column":95},"end":{"line":263,"column":69}},"line":261},"27":{"name":"(anonymous_27)","decl":{"start":{"line":277,"column":53},"end":{"line":277,"column":54}},"loc":{"start":{"line":277,"column":59},"end":{"line":279,"column":45}},"line":277},"28":{"name":"(anonymous_28)","decl":{"start":{"line":289,"column":74},"end":{"line":289,"column":75}},"loc":{"start":{"line":289,"column":81},"end":{"line":291,"column":65}},"line":289},"29":{"name":"(anonymous_29)","decl":{"start":{"line":313,"column":65},"end":{"line":313,"column":66}},"loc":{"start":{"line":313,"column":71},"end":{"line":319,"column":57}},"line":313},"30":{"name":"(anonymous_30)","decl":{"start":{"line":328,"column":77},"end":{"line":328,"column":78}},"loc":{"start":{"line":328,"column":91},"end":{"line":331,"column":57}},"line":328},"31":{"name":"(anonymous_31)","decl":{"start":{"line":364,"column":69},"end":{"line":364,"column":70}},"loc":{"start":{"line":364,"column":76},"end":{"line":366,"column":41}},"line":364},"32":{"name":"(anonymous_32)","decl":{"start":{"line":373,"column":46},"end":{"line":373,"column":47}},"loc":{"start":{"line":373,"column":53},"end":{"line":375,"column":37}},"line":373},"33":{"name":"(anonymous_33)","decl":{"start":{"line":382,"column":46},"end":{"line":382,"column":47}},"loc":{"start":{"line":382,"column":53},"end":{"line":384,"column":37}},"line":382},"34":{"name":"(anonymous_34)","decl":{"start":{"line":393,"column":45},"end":{"line":393,"column":46}},"loc":{"start":{"line":393,"column":51},"end":{"line":396,"column":37}},"line":393},"35":{"name":"(anonymous_35)","decl":{"start":{"line":438,"column":46},"end":{"line":438,"column":47}},"loc":{"start":{"line":438,"column":53},"end":{"line":440,"column":37}},"line":438},"36":{"name":"(anonymous_36)","decl":{"start":{"line":472,"column":46},"end":{"line":472,"column":47}},"loc":{"start":{"line":472,"column":53},"end":{"line":474,"column":37}},"line":472},"37":{"name":"(anonymous_37)","decl":{"start":{"line":478,"column":62},"end":{"line":478,"column":63}},"loc":{"start":{"line":478,"column":68},"end":{"line":481,"column":37}},"line":478}},"branchMap":{"0":{"loc":{"start":{"line":134,"column":8},"end":{"line":135,"column":19}},"type":"if","locations":[{"start":{"line":134,"column":8},"end":{"line":135,"column":19}},{"start":{},"end":{}}],"line":134},"1":{"loc":{"start":{"line":137,"column":8},"end":{"line":140,"column":9}},"type":"if","locations":[{"start":{"line":137,"column":8},"end":{"line":140,"column":9}},{"start":{},"end":{}}],"line":137},"2":{"loc":{"start":{"line":142,"column":8},"end":{"line":146,"column":9}},"type":"if","locations":[{"start":{"line":142,"column":8},"end":{"line":146,"column":9}},{"start":{},"end":{}}],"line":142},"3":{"loc":{"start":{"line":150,"column":12},"end":{"line":154,"column":13}},"type":"if","locations":[{"start":{"line":150,"column":12},"end":{"line":154,"column":13}},{"start":{},"end":{}}],"line":150},"4":{"loc":{"start":{"line":166,"column":8},"end":{"line":179,"column":9}},"type":"if","locations":[{"start":{"line":166,"column":8},"end":{"line":179,"column":9}},{"start":{},"end":{}}],"line":166},"5":{"loc":{"start":{"line":166,"column":12},"end":{"line":166,"column":33}},"type":"binary-expr","locations":[{"start":{"line":166,"column":12},"end":{"line":166,"column":20}},{"start":{"line":166,"column":24},"end":{"line":166,"column":33}}],"line":166},"6":{"loc":{"start":{"line":195,"column":8},"end":{"line":488,"column":26}},"type":"cond-expr","locations":[{"start":{"line":196,"column":20},"end":{"line":196,"column":38}},{"start":{"line":198,"column":20},"end":{"line":488,"column":26}}],"line":195},"7":{"loc":{"start":{"line":198,"column":20},"end":{"line":488,"column":26}},"type":"cond-expr","locations":[{"start":{"line":198,"column":33},"end":{"line":198,"column":52}},{"start":{"line":200,"column":20},"end":{"line":488,"column":26}}],"line":198},"8":{"loc":{"start":{"line":285,"column":45},"end":{"line":293,"column":65}},"type":"cond-expr","locations":[{"start":{"line":285,"column":60},"end":{"line":292,"column":62}},{"start":{"line":293,"column":60},"end":{"line":293,"column":65}}],"line":285},"9":{"loc":{"start":{"line":314,"column":60},"end":{"line":318,"column":61}},"type":"if","locations":[{"start":{"line":314,"column":60},"end":{"line":318,"column":61}},{"start":{"line":316,"column":67},"end":{"line":318,"column":61}}],"line":314},"10":{"loc":{"start":{"line":326,"column":38},"end":{"line":332,"column":58}},"type":"cond-expr","locations":[{"start":{"line":326,"column":53},"end":{"line":326,"column":152}},{"start":{"line":327,"column":52},"end":{"line":332,"column":58}}],"line":326},"11":{"loc":{"start":{"line":390,"column":128},"end":{"line":390,"column":166}},"type":"binary-expr","locations":[{"start":{"line":390,"column":128},"end":{"line":390,"column":146}},{"start":{"line":390,"column":150},"end":{"line":390,"column":166}}],"line":390},"12":{"loc":{"start":{"line":477,"column":33},"end":{"line":485,"column":48}},"type":"cond-expr","locations":[{"start":{"line":477,"column":49},"end":{"line":485,"column":40}},{"start":{"line":485,"column":43},"end":{"line":485,"column":48}}],"line":477}},"s":{"0":0,"1":0,"2":0,"3":0,"4":0,"5":0,"6":0,"7":0,"8":0,"9":0,"10":0,"11":0,"12":0,"13":0,"14":0,"15":0,"16":0,"17":0,"18":0,"19":0,"20":0,"21":0,"22":0,"23":0,"24":0,"25":0,"26":0,"27":0,"28":0,"29":0,"30":0,"31":0,"32":0,"33":0,"34":0,"35":0,"36":0,"37":0,"38":0,"39":0,"40":0,"41":0,"42":0,"43":0,"44":0,"45":0,"46":0,"47":0,"48":0,"49":0,"50":0,"51":0,"52":0,"53":0,"54":0,"55":0,"56":0,"57":0,"58":0,"59":0,"60":0,"61":0,"62":0,"63":0,"64":0,"65":0,"66":0,"67":0,"68":0,"69":0,"70":0,"71":0,"72":0,"73":0,"74":0,"75":0,"76":0,"77":0,"78":0,"79":0,"80":0,"81":0,"82":0,"83":0,"84":0,"85":0,"86":0,"87":0,"88":0,"89":0,"90":0,"91":0,"92":0,"93":0,"94":0,"95":0,"96":0,"97":0,"98":0,"99":0,"100":0,"101":0,"102":0,"103":0,"104":0,"105":0,"106":0,"107":0,"108":0,"109":0,"110":0,"111":0,"112":0,"113":0,"114":0,"115":0,"116":0,"117":0,"118":0,"119":0,"120":0,"121":0,"122":0,"123":0,"124":0,"125":0,"126":0,"127":0,"128":0,"129":0,"130":0,"131":0,"132":0},"f":{"0":0,"1":0,"2":0,"3":0,"4":0,"5":0,"6":0,"7":0,"8":0,"9":0,"10":0,"11":0,"12":0,"13":0,"14":0,"15":0,"16":0,"17":0,"18":0,"19":0,"20":0,"21":0,"22":0,"23":0,"24":0,"25":0,"26":0,"27":0,"28":0,"29":0,"30":0,"31":0,"32":0,"33":0,"34":0,"35":0,"36":0,"37":0},"b":{"0":[0,0],"1":[0,0],"2":[0,0],"3":[0,0],"4":[0,0],"5":[0,0],"6":[0,0],"7":[0,0],"8":[0,0],"9":[0,0],"10":[0,0],"11":[0,0],"12":[0,0]}}
,"/Users/miketu/531/HW4/hw4/src/main/profileField.jsx": {"path":"/Users/miketu/531/HW4/hw4/src/main/profileField.jsx","statementMap":{"0":{"start":{"line":8,"column":36},"end":{"line":8,"column":50}},"1":{"start":{"line":9,"column":21},"end":{"line":9,"column":34}},"2":{"start":{"line":10,"column":21},"end":{"line":10,"column":34}},"3":{"start":{"line":12,"column":23},"end":{"line":14,"column":5}},"4":{"start":{"line":13,"column":8},"end":{"line":13,"column":41}},"5":{"start":{"line":16,"column":24},"end":{"line":18,"column":5}},"6":{"start":{"line":17,"column":8},"end":{"line":17,"column":26}},"7":{"start":{"line":20,"column":4},"end":{"line":46,"column":6}},"8":{"start":{"line":42,"column":47},"end":{"line":42,"column":68}},"9":{"start":{"line":43,"column":47},"end":{"line":43,"column":65}}},"fnMap":{"0":{"name":"ProfileField","decl":{"start":{"line":7,"column":9},"end":{"line":7,"column":21}},"loc":{"start":{"line":7,"column":42},"end":{"line":47,"column":1}},"line":7},"1":{"name":"(anonymous_1)","decl":{"start":{"line":12,"column":23},"end":{"line":12,"column":24}},"loc":{"start":{"line":12,"column":34},"end":{"line":14,"column":5}},"line":12},"2":{"name":"(anonymous_2)","decl":{"start":{"line":16,"column":24},"end":{"line":16,"column":25}},"loc":{"start":{"line":16,"column":30},"end":{"line":18,"column":5}},"line":16},"3":{"name":"(anonymous_3)","decl":{"start":{"line":42,"column":39},"end":{"line":42,"column":40}},"loc":{"start":{"line":42,"column":45},"end":{"line":42,"column":70}},"line":42},"4":{"name":"(anonymous_4)","decl":{"start":{"line":43,"column":39},"end":{"line":43,"column":40}},"loc":{"start":{"line":43,"column":45},"end":{"line":43,"column":67}},"line":43}},"branchMap":{},"s":{"0":0,"1":0,"2":0,"3":0,"4":0,"5":0,"6":0,"7":0,"8":0,"9":0},"f":{"0":0,"1":0,"2":0,"3":0,"4":0},"b":{}}
,"/Users/miketu/531/HW4/hw4/src/main/posts/posts.jsx": {"path":"/Users/miketu/531/HW4/hw4/src/main/posts/posts.jsx","statementMap":{"0":{"start":{"line":13,"column":21},"end":{"line":13,"column":34}},"1":{"start":{"line":14,"column":42},"end":{"line":14,"column":57}},"2":{"start":{"line":15,"column":26},"end":{"line":17,"column":5}},"3":{"start":{"line":16,"column":8},"end":{"line":16,"column":29}},"4":{"start":{"line":19,"column":31},"end":{"line":21,"column":5}},"5":{"start":{"line":20,"column":8},"end":{"line":20,"column":30}},"6":{"start":{"line":23,"column":30},"end":{"line":25,"column":5}},"7":{"start":{"line":24,"column":8},"end":{"line":24,"column":29}},"8":{"start":{"line":27,"column":4},"end":{"line":91,"column":6}},"9":{"start":{"line":81,"column":28},"end":{"line":86,"column":30}}},"fnMap":{"0":{"name":"Post","decl":{"start":{"line":12,"column":9},"end":{"line":12,"column":13}},"loc":{"start":{"line":12,"column":72},"end":{"line":92,"column":1}},"line":12},"1":{"name":"(anonymous_1)","decl":{"start":{"line":15,"column":26},"end":{"line":15,"column":27}},"loc":{"start":{"line":15,"column":32},"end":{"line":17,"column":5}},"line":15},"2":{"name":"(anonymous_2)","decl":{"start":{"line":19,"column":31},"end":{"line":19,"column":32}},"loc":{"start":{"line":19,"column":37},"end":{"line":21,"column":5}},"line":19},"3":{"name":"(anonymous_3)","decl":{"start":{"line":23,"column":30},"end":{"line":23,"column":31}},"loc":{"start":{"line":23,"column":36},"end":{"line":25,"column":5}},"line":23},"4":{"name":"(anonymous_4)","decl":{"start":{"line":80,"column":38},"end":{"line":80,"column":39}},"loc":{"start":{"line":80,"column":55},"end":{"line":87,"column":25}},"line":80}},"branchMap":{"0":{"loc":{"start":{"line":32,"column":33},"end":{"line":32,"column":142}},"type":"cond-expr","locations":[{"start":{"line":32,"column":51},"end":{"line":32,"column":95}},{"start":{"line":32,"column":98},"end":{"line":32,"column":142}}],"line":32},"1":{"loc":{"start":{"line":38,"column":31},"end":{"line":38,"column":61}},"type":"cond-expr","locations":[{"start":{"line":38,"column":38},"end":{"line":38,"column":42}},{"start":{"line":38,"column":45},"end":{"line":38,"column":61}}],"line":38},"2":{"loc":{"start":{"line":54,"column":17},"end":{"line":59,"column":18}},"type":"cond-expr","locations":[{"start":{"line":54,"column":28},"end":{"line":54,"column":33}},{"start":{"line":54,"column":36},"end":{"line":59,"column":18}}],"line":54},"3":{"loc":{"start":{"line":83,"column":79},"end":{"line":83,"column":188}},"type":"cond-expr","locations":[{"start":{"line":83,"column":97},"end":{"line":83,"column":141}},{"start":{"line":83,"column":144},"end":{"line":83,"column":188}}],"line":83}},"s":{"0":0,"1":0,"2":0,"3":0,"4":0,"5":0,"6":0,"7":0,"8":0,"9":0},"f":{"0":0,"1":0,"2":0,"3":0,"4":0},"b":{"0":[0,0],"1":[0,0],"2":[0,0],"3":[0,0]}}
,"/Users/miketu/531/HW4/hw4/src/profile/profile.jsx": {"path":"/Users/miketu/531/HW4/hw4/src/profile/profile.jsx","statementMap":{"0":{"start":{"line":21,"column":45},"end":{"line":21,"column":77}},"1":{"start":{"line":21,"column":66},"end":{"line":21,"column":76}},"2":{"start":{"line":22,"column":21},"end":{"line":22,"column":34}},"3":{"start":{"line":23,"column":21},"end":{"line":23,"column":34}},"4":{"start":{"line":24,"column":36},"end":{"line":24,"column":48}},"5":{"start":{"line":25,"column":32},"end":{"line":25,"column":44}},"6":{"start":{"line":26,"column":30},"end":{"line":26,"column":42}},"7":{"start":{"line":27,"column":42},"end":{"line":27,"column":54}},"8":{"start":{"line":28,"column":34},"end":{"line":28,"column":46}},"9":{"start":{"line":29,"column":36},"end":{"line":29,"column":48}},"10":{"start":{"line":31,"column":32},"end":{"line":31,"column":44}},"11":{"start":{"line":32,"column":40},"end":{"line":32,"column":55}},"12":{"start":{"line":33,"column":42},"end":{"line":33,"column":54}},"13":{"start":{"line":34,"column":36},"end":{"line":34,"column":48}},"14":{"start":{"line":35,"column":48},"end":{"line":35,"column":60}},"15":{"start":{"line":36,"column":40},"end":{"line":36,"column":52}},"16":{"start":{"line":37,"column":42},"end":{"line":37,"column":54}},"17":{"start":{"line":38,"column":56},"end":{"line":38,"column":68}},"18":{"start":{"line":39,"column":50},"end":{"line":39,"column":65}},"19":{"start":{"line":41,"column":23},"end":{"line":43,"column":5}},"20":{"start":{"line":42,"column":8},"end":{"line":42,"column":26}},"21":{"start":{"line":45,"column":27},"end":{"line":50,"column":5}},"22":{"start":{"line":46,"column":8},"end":{"line":46,"column":33}},"23":{"start":{"line":46,"column":26},"end":{"line":46,"column":33}},"24":{"start":{"line":47,"column":32},"end":{"line":47,"column":56}},"25":{"start":{"line":48,"column":8},"end":{"line":48,"column":33}},"26":{"start":{"line":49,"column":8},"end":{"line":49,"column":27}},"27":{"start":{"line":52,"column":24},"end":{"line":56,"column":5}},"28":{"start":{"line":53,"column":8},"end":{"line":53,"column":30}},"29":{"start":{"line":53,"column":23},"end":{"line":53,"column":30}},"30":{"start":{"line":54,"column":8},"end":{"line":54,"column":27}},"31":{"start":{"line":55,"column":8},"end":{"line":55,"column":24}},"32":{"start":{"line":58,"column":30},"end":{"line":62,"column":5}},"33":{"start":{"line":59,"column":8},"end":{"line":59,"column":36}},"34":{"start":{"line":59,"column":29},"end":{"line":59,"column":36}},"35":{"start":{"line":60,"column":8},"end":{"line":60,"column":39}},"36":{"start":{"line":61,"column":8},"end":{"line":61,"column":30}},"37":{"start":{"line":64,"column":26},"end":{"line":68,"column":5}},"38":{"start":{"line":65,"column":8},"end":{"line":65,"column":32}},"39":{"start":{"line":65,"column":25},"end":{"line":65,"column":32}},"40":{"start":{"line":66,"column":8},"end":{"line":66,"column":31}},"41":{"start":{"line":67,"column":8},"end":{"line":67,"column":26}},"42":{"start":{"line":70,"column":27},"end":{"line":75,"column":5}},"43":{"start":{"line":71,"column":8},"end":{"line":71,"column":56}},"44":{"start":{"line":71,"column":49},"end":{"line":71,"column":56}},"45":{"start":{"line":72,"column":8},"end":{"line":72,"column":33}},"46":{"start":{"line":73,"column":8},"end":{"line":73,"column":27}},"47":{"start":{"line":74,"column":8},"end":{"line":74,"column":34}},"48":{"start":{"line":77,"column":23},"end":{"line":131,"column":5}},"49":{"start":{"line":78,"column":32},"end":{"line":78,"column":56}},"50":{"start":{"line":79,"column":29},"end":{"line":79,"column":72}},"51":{"start":{"line":80,"column":35},"end":{"line":80,"column":45}},"52":{"start":{"line":81,"column":31},"end":{"line":81,"column":42}},"53":{"start":{"line":82,"column":32},"end":{"line":82,"column":106}},"54":{"start":{"line":83,"column":20},"end":{"line":83,"column":24}},"55":{"start":{"line":84,"column":28},"end":{"line":84,"column":32}},"56":{"start":{"line":84,"column":47},"end":{"line":84,"column":51}},"57":{"start":{"line":84,"column":72},"end":{"line":84,"column":76}},"58":{"start":{"line":84,"column":93},"end":{"line":84,"column":97}},"59":{"start":{"line":84,"column":115},"end":{"line":84,"column":119}},"60":{"start":{"line":84,"column":141},"end":{"line":84,"column":145}},"61":{"start":{"line":85,"column":8},"end":{"line":87,"column":9}},"62":{"start":{"line":86,"column":12},"end":{"line":86,"column":42}},"63":{"start":{"line":88,"column":8},"end":{"line":90,"column":9}},"64":{"start":{"line":89,"column":12},"end":{"line":89,"column":39}},"65":{"start":{"line":91,"column":8},"end":{"line":93,"column":9}},"66":{"start":{"line":92,"column":12},"end":{"line":92,"column":45}},"67":{"start":{"line":94,"column":8},"end":{"line":96,"column":9}},"68":{"start":{"line":95,"column":12},"end":{"line":95,"column":41}},"69":{"start":{"line":97,"column":8},"end":{"line":103,"column":9}},"70":{"start":{"line":98,"column":12},"end":{"line":98,"column":26}},"71":{"start":{"line":99,"column":12},"end":{"line":102,"column":42}},"72":{"start":{"line":100,"column":16},"end":{"line":100,"column":38}},"73":{"start":{"line":102,"column":16},"end":{"line":102,"column":42}},"74":{"start":{"line":105,"column":8},"end":{"line":105,"column":22}},"75":{"start":{"line":106,"column":8},"end":{"line":122,"column":9}},"76":{"start":{"line":107,"column":12},"end":{"line":108,"column":140}},"77":{"start":{"line":108,"column":16},"end":{"line":108,"column":140}},"78":{"start":{"line":108,"column":34},"end":{"line":108,"column":138}},"79":{"start":{"line":109,"column":12},"end":{"line":110,"column":72}},"80":{"start":{"line":110,"column":16},"end":{"line":110,"column":72}},"81":{"start":{"line":110,"column":34},"end":{"line":110,"column":70}},"82":{"start":{"line":111,"column":12},"end":{"line":112,"column":79}},"83":{"start":{"line":112,"column":16},"end":{"line":112,"column":79}},"84":{"start":{"line":112,"column":34},"end":{"line":112,"column":77}},"85":{"start":{"line":113,"column":12},"end":{"line":114,"column":74}},"86":{"start":{"line":114,"column":16},"end":{"line":114,"column":74}},"87":{"start":{"line":114,"column":34},"end":{"line":114,"column":72}},"88":{"start":{"line":115,"column":12},"end":{"line":116,"column":237}},"89":{"start":{"line":116,"column":16},"end":{"line":116,"column":237}},"90":{"start":{"line":116,"column":34},"end":{"line":116,"column":235}},"91":{"start":{"line":117,"column":12},"end":{"line":118,"column":98}},"92":{"start":{"line":118,"column":16},"end":{"line":118,"column":98}},"93":{"start":{"line":118,"column":34},"end":{"line":118,"column":96}},"94":{"start":{"line":120,"column":12},"end":{"line":120,"column":32}},"95":{"start":{"line":121,"column":12},"end":{"line":121,"column":19}},"96":{"start":{"line":124,"column":8},"end":{"line":124,"column":29}},"97":{"start":{"line":125,"column":8},"end":{"line":125,"column":22}},"98":{"start":{"line":126,"column":8},"end":{"line":126,"column":25}},"99":{"start":{"line":127,"column":8},"end":{"line":127,"column":22}},"100":{"start":{"line":128,"column":8},"end":{"line":128,"column":28}},"101":{"start":{"line":129,"column":8},"end":{"line":129,"column":24}},"102":{"start":{"line":130,"column":8},"end":{"line":130,"column":25}},"103":{"start":{"line":133,"column":4},"end":{"line":148,"column":18}},"104":{"start":{"line":134,"column":8},"end":{"line":147,"column":9}},"105":{"start":{"line":135,"column":41},"end":{"line":135,"column":61}},"106":{"start":{"line":136,"column":12},"end":{"line":136,"column":30}},"107":{"start":{"line":137,"column":12},"end":{"line":137,"column":34}},"108":{"start":{"line":138,"column":12},"end":{"line":146,"column":15}},"109":{"start":{"line":139,"column":25},"end":{"line":139,"column":35}},"110":{"start":{"line":141,"column":36},"end":{"line":141,"column":122}},"111":{"start":{"line":141,"column":55},"end":{"line":141,"column":68}},"112":{"start":{"line":142,"column":16},"end":{"line":142,"column":60}},"113":{"start":{"line":143,"column":16},"end":{"line":143,"column":44}},"114":{"start":{"line":144,"column":16},"end":{"line":144,"column":50}},"115":{"start":{"line":145,"column":16},"end":{"line":145,"column":56}},"116":{"start":{"line":150,"column":4},"end":{"line":308,"column":5}},"117":{"start":{"line":164,"column":40},"end":{"line":164,"column":58}},"118":{"start":{"line":190,"column":36},"end":{"line":190,"column":61}},"119":{"start":{"line":193,"column":36},"end":{"line":193,"column":62}},"120":{"start":{"line":246,"column":55},"end":{"line":246,"column":82}},"121":{"start":{"line":255,"column":55},"end":{"line":255,"column":88}},"122":{"start":{"line":264,"column":55},"end":{"line":264,"column":84}},"123":{"start":{"line":274,"column":55},"end":{"line":274,"column":85}},"124":{"start":{"line":284,"column":55},"end":{"line":284,"column":92}},"125":{"start":{"line":300,"column":48},"end":{"line":300,"column":69}},"126":{"start":{"line":301,"column":48},"end":{"line":301,"column":62}}},"fnMap":{"0":{"name":"Profile","decl":{"start":{"line":20,"column":9},"end":{"line":20,"column":16}},"loc":{"start":{"line":20,"column":19},"end":{"line":309,"column":1}},"line":20},"1":{"name":"(anonymous_1)","decl":{"start":{"line":21,"column":57},"end":{"line":21,"column":58}},"loc":{"start":{"line":21,"column":66},"end":{"line":21,"column":76}},"line":21},"2":{"name":"(anonymous_2)","decl":{"start":{"line":41,"column":23},"end":{"line":41,"column":24}},"loc":{"start":{"line":41,"column":29},"end":{"line":43,"column":5}},"line":41},"3":{"name":"(anonymous_3)","decl":{"start":{"line":45,"column":27},"end":{"line":45,"column":28}},"loc":{"start":{"line":45,"column":33},"end":{"line":50,"column":5}},"line":45},"4":{"name":"(anonymous_4)","decl":{"start":{"line":52,"column":24},"end":{"line":52,"column":25}},"loc":{"start":{"line":52,"column":30},"end":{"line":56,"column":5}},"line":52},"5":{"name":"(anonymous_5)","decl":{"start":{"line":58,"column":30},"end":{"line":58,"column":31}},"loc":{"start":{"line":58,"column":36},"end":{"line":62,"column":5}},"line":58},"6":{"name":"(anonymous_6)","decl":{"start":{"line":64,"column":26},"end":{"line":64,"column":27}},"loc":{"start":{"line":64,"column":32},"end":{"line":68,"column":5}},"line":64},"7":{"name":"(anonymous_7)","decl":{"start":{"line":70,"column":27},"end":{"line":70,"column":28}},"loc":{"start":{"line":70,"column":33},"end":{"line":75,"column":5}},"line":70},"8":{"name":"(anonymous_8)","decl":{"start":{"line":77,"column":23},"end":{"line":77,"column":24}},"loc":{"start":{"line":77,"column":29},"end":{"line":131,"column":5}},"line":77},"9":{"name":"(anonymous_9)","decl":{"start":{"line":108,"column":26},"end":{"line":108,"column":27}},"loc":{"start":{"line":108,"column":34},"end":{"line":108,"column":138}},"line":108},"10":{"name":"(anonymous_10)","decl":{"start":{"line":110,"column":26},"end":{"line":110,"column":27}},"loc":{"start":{"line":110,"column":34},"end":{"line":110,"column":70}},"line":110},"11":{"name":"(anonymous_11)","decl":{"start":{"line":112,"column":26},"end":{"line":112,"column":27}},"loc":{"start":{"line":112,"column":34},"end":{"line":112,"column":77}},"line":112},"12":{"name":"(anonymous_12)","decl":{"start":{"line":114,"column":26},"end":{"line":114,"column":27}},"loc":{"start":{"line":114,"column":34},"end":{"line":114,"column":72}},"line":114},"13":{"name":"(anonymous_13)","decl":{"start":{"line":116,"column":26},"end":{"line":116,"column":27}},"loc":{"start":{"line":116,"column":34},"end":{"line":116,"column":235}},"line":116},"14":{"name":"(anonymous_14)","decl":{"start":{"line":118,"column":26},"end":{"line":118,"column":27}},"loc":{"start":{"line":118,"column":34},"end":{"line":118,"column":96}},"line":118},"15":{"name":"(anonymous_15)","decl":{"start":{"line":133,"column":14},"end":{"line":133,"column":15}},"loc":{"start":{"line":133,"column":20},"end":{"line":148,"column":5}},"line":133},"16":{"name":"(anonymous_16)","decl":{"start":{"line":139,"column":18},"end":{"line":139,"column":19}},"loc":{"start":{"line":139,"column":25},"end":{"line":139,"column":35}},"line":139},"17":{"name":"(anonymous_17)","decl":{"start":{"line":140,"column":18},"end":{"line":140,"column":19}},"loc":{"start":{"line":140,"column":27},"end":{"line":146,"column":13}},"line":140},"18":{"name":"(anonymous_18)","decl":{"start":{"line":141,"column":47},"end":{"line":141,"column":48}},"loc":{"start":{"line":141,"column":55},"end":{"line":141,"column":68}},"line":141},"19":{"name":"(anonymous_19)","decl":{"start":{"line":163,"column":45},"end":{"line":163,"column":46}},"loc":{"start":{"line":163,"column":51},"end":{"line":165,"column":37}},"line":163},"20":{"name":"(anonymous_20)","decl":{"start":{"line":189,"column":45},"end":{"line":189,"column":46}},"loc":{"start":{"line":189,"column":51},"end":{"line":191,"column":33}},"line":189},"21":{"name":"(anonymous_21)","decl":{"start":{"line":192,"column":46},"end":{"line":192,"column":47}},"loc":{"start":{"line":192,"column":52},"end":{"line":194,"column":33}},"line":192},"22":{"name":"(anonymous_22)","decl":{"start":{"line":246,"column":46},"end":{"line":246,"column":47}},"loc":{"start":{"line":246,"column":53},"end":{"line":246,"column":84}},"line":246},"23":{"name":"(anonymous_23)","decl":{"start":{"line":255,"column":46},"end":{"line":255,"column":47}},"loc":{"start":{"line":255,"column":53},"end":{"line":255,"column":90}},"line":255},"24":{"name":"(anonymous_24)","decl":{"start":{"line":264,"column":46},"end":{"line":264,"column":47}},"loc":{"start":{"line":264,"column":53},"end":{"line":264,"column":86}},"line":264},"25":{"name":"(anonymous_25)","decl":{"start":{"line":274,"column":46},"end":{"line":274,"column":47}},"loc":{"start":{"line":274,"column":53},"end":{"line":274,"column":87}},"line":274},"26":{"name":"(anonymous_26)","decl":{"start":{"line":284,"column":46},"end":{"line":284,"column":47}},"loc":{"start":{"line":284,"column":53},"end":{"line":284,"column":94}},"line":284},"27":{"name":"(anonymous_27)","decl":{"start":{"line":299,"column":70},"end":{"line":299,"column":71}},"loc":{"start":{"line":299,"column":76},"end":{"line":302,"column":45}},"line":299}},"branchMap":{"0":{"loc":{"start":{"line":46,"column":8},"end":{"line":46,"column":33}},"type":"if","locations":[{"start":{"line":46,"column":8},"end":{"line":46,"column":33}},{"start":{},"end":{}}],"line":46},"1":{"loc":{"start":{"line":53,"column":8},"end":{"line":53,"column":30}},"type":"if","locations":[{"start":{"line":53,"column":8},"end":{"line":53,"column":30}},{"start":{},"end":{}}],"line":53},"2":{"loc":{"start":{"line":59,"column":8},"end":{"line":59,"column":36}},"type":"if","locations":[{"start":{"line":59,"column":8},"end":{"line":59,"column":36}},{"start":{},"end":{}}],"line":59},"3":{"loc":{"start":{"line":65,"column":8},"end":{"line":65,"column":32}},"type":"if","locations":[{"start":{"line":65,"column":8},"end":{"line":65,"column":32}},{"start":{},"end":{}}],"line":65},"4":{"loc":{"start":{"line":71,"column":8},"end":{"line":71,"column":56}},"type":"if","locations":[{"start":{"line":71,"column":8},"end":{"line":71,"column":56}},{"start":{},"end":{}}],"line":71},"5":{"loc":{"start":{"line":71,"column":12},"end":{"line":71,"column":47}},"type":"binary-expr","locations":[{"start":{"line":71,"column":12},"end":{"line":71,"column":24}},{"start":{"line":71,"column":28},"end":{"line":71,"column":47}}],"line":71},"6":{"loc":{"start":{"line":85,"column":8},"end":{"line":87,"column":9}},"type":"if","locations":[{"start":{"line":85,"column":8},"end":{"line":87,"column":9}},{"start":{},"end":{}}],"line":85},"7":{"loc":{"start":{"line":85,"column":12},"end":{"line":85,"column":61}},"type":"binary-expr","locations":[{"start":{"line":85,"column":12},"end":{"line":85,"column":23}},{"start":{"line":85,"column":27},"end":{"line":85,"column":61}}],"line":85},"8":{"loc":{"start":{"line":88,"column":8},"end":{"line":90,"column":9}},"type":"if","locations":[{"start":{"line":88,"column":8},"end":{"line":90,"column":9}},{"start":{},"end":{}}],"line":88},"9":{"loc":{"start":{"line":88,"column":12},"end":{"line":88,"column":52}},"type":"binary-expr","locations":[{"start":{"line":88,"column":12},"end":{"line":88,"column":20}},{"start":{"line":88,"column":24},"end":{"line":88,"column":52}}],"line":88},"10":{"loc":{"start":{"line":91,"column":8},"end":{"line":93,"column":9}},"type":"if","locations":[{"start":{"line":91,"column":8},"end":{"line":93,"column":9}},{"start":{},"end":{}}],"line":91},"11":{"loc":{"start":{"line":91,"column":12},"end":{"line":91,"column":70}},"type":"binary-expr","locations":[{"start":{"line":91,"column":12},"end":{"line":91,"column":26}},{"start":{"line":91,"column":30},"end":{"line":91,"column":70}}],"line":91},"12":{"loc":{"start":{"line":94,"column":8},"end":{"line":96,"column":9}},"type":"if","locations":[{"start":{"line":94,"column":8},"end":{"line":96,"column":9}},{"start":{},"end":{}}],"line":94},"13":{"loc":{"start":{"line":94,"column":12},"end":{"line":94,"column":58}},"type":"binary-expr","locations":[{"start":{"line":94,"column":12},"end":{"line":94,"column":22}},{"start":{"line":94,"column":26},"end":{"line":94,"column":58}}],"line":94},"14":{"loc":{"start":{"line":97,"column":8},"end":{"line":103,"column":9}},"type":"if","locations":[{"start":{"line":97,"column":8},"end":{"line":103,"column":9}},{"start":{},"end":{}}],"line":97},"15":{"loc":{"start":{"line":97,"column":12},"end":{"line":97,"column":123}},"type":"binary-expr","locations":[{"start":{"line":97,"column":12},"end":{"line":97,"column":23}},{"start":{"line":97,"column":27},"end":{"line":97,"column":45}},{"start":{"line":97,"column":50},"end":{"line":97,"column":84}},{"start":{"line":97,"column":88},"end":{"line":97,"column":122}}],"line":97},"16":{"loc":{"start":{"line":99,"column":12},"end":{"line":102,"column":42}},"type":"if","locations":[{"start":{"line":99,"column":12},"end":{"line":102,"column":42}},{"start":{"line":102,"column":16},"end":{"line":102,"column":42}}],"line":99},"17":{"loc":{"start":{"line":106,"column":8},"end":{"line":122,"column":9}},"type":"if","locations":[{"start":{"line":106,"column":8},"end":{"line":122,"column":9}},{"start":{},"end":{}}],"line":106},"18":{"loc":{"start":{"line":107,"column":12},"end":{"line":108,"column":140}},"type":"if","locations":[{"start":{"line":107,"column":12},"end":{"line":108,"column":140}},{"start":{},"end":{}}],"line":107},"19":{"loc":{"start":{"line":109,"column":12},"end":{"line":110,"column":72}},"type":"if","locations":[{"start":{"line":109,"column":12},"end":{"line":110,"column":72}},{"start":{},"end":{}}],"line":109},"20":{"loc":{"start":{"line":111,"column":12},"end":{"line":112,"column":79}},"type":"if","locations":[{"start":{"line":111,"column":12},"end":{"line":112,"column":79}},{"start":{},"end":{}}],"line":111},"21":{"loc":{"start":{"line":113,"column":12},"end":{"line":114,"column":74}},"type":"if","locations":[{"start":{"line":113,"column":12},"end":{"line":114,"column":74}},{"start":{},"end":{}}],"line":113},"22":{"loc":{"start":{"line":115,"column":12},"end":{"line":116,"column":237}},"type":"if","locations":[{"start":{"line":115,"column":12},"end":{"line":116,"column":237}},{"start":{},"end":{}}],"line":115},"23":{"loc":{"start":{"line":117,"column":12},"end":{"line":118,"column":98}},"type":"if","locations":[{"start":{"line":117,"column":12},"end":{"line":118,"column":98}},{"start":{},"end":{}}],"line":117},"24":{"loc":{"start":{"line":134,"column":8},"end":{"line":147,"column":9}},"type":"if","locations":[{"start":{"line":134,"column":8},"end":{"line":147,"column":9}},{"start":{},"end":{}}],"line":134},"25":{"loc":{"start":{"line":134,"column":12},"end":{"line":134,"column":33}},"type":"binary-expr","locations":[{"start":{"line":134,"column":12},"end":{"line":134,"column":20}},{"start":{"line":134,"column":24},"end":{"line":134,"column":33}}],"line":134},"26":{"loc":{"start":{"line":141,"column":36},"end":{"line":141,"column":122}},"type":"binary-expr","locations":[{"start":{"line":141,"column":36},"end":{"line":141,"column":69}},{"start":{"line":141,"column":73},"end":{"line":141,"column":122}}],"line":141},"27":{"loc":{"start":{"line":151,"column":8},"end":{"line":307,"column":26}},"type":"cond-expr","locations":[{"start":{"line":152,"column":20},"end":{"line":152,"column":38}},{"start":{"line":154,"column":20},"end":{"line":307,"column":26}}],"line":151},"28":{"loc":{"start":{"line":154,"column":20},"end":{"line":307,"column":26}},"type":"cond-expr","locations":[{"start":{"line":154,"column":33},"end":{"line":154,"column":52}},{"start":{"line":156,"column":20},"end":{"line":307,"column":26}}],"line":154},"29":{"loc":{"start":{"line":187,"column":37},"end":{"line":187,"column":104}},"type":"cond-expr","locations":[{"start":{"line":187,"column":55},"end":{"line":187,"column":57}},{"start":{"line":187,"column":60},"end":{"line":187,"column":104}}],"line":187},"30":{"loc":{"start":{"line":196,"column":34},"end":{"line":206,"column":41}},"type":"cond-expr","locations":[{"start":{"line":197,"column":36},"end":{"line":205,"column":44}},{"start":{"line":206,"column":36},"end":{"line":206,"column":41}}],"line":196},"31":{"loc":{"start":{"line":293,"column":48},"end":{"line":293,"column":148}},"type":"binary-expr","locations":[{"start":{"line":293,"column":48},"end":{"line":293,"column":60}},{"start":{"line":293,"column":64},"end":{"line":293,"column":73}},{"start":{"line":293,"column":77},"end":{"line":293,"column":92}},{"start":{"line":293,"column":96},"end":{"line":293,"column":107}},{"start":{"line":293,"column":112},"end":{"line":293,"column":124}},{"start":{"line":293,"column":128},"end":{"line":293,"column":147}}],"line":293},"32":{"loc":{"start":{"line":298,"column":29},"end":{"line":305,"column":58}},"type":"cond-expr","locations":[{"start":{"line":298,"column":42},"end":{"line":305,"column":50}},{"start":{"line":305,"column":53},"end":{"line":305,"column":58}}],"line":298}},"s":{"0":0,"1":0,"2":0,"3":0,"4":0,"5":0,"6":0,"7":0,"8":0,"9":0,"10":0,"11":0,"12":0,"13":0,"14":0,"15":0,"16":0,"17":0,"18":0,"19":0,"20":0,"21":0,"22":0,"23":0,"24":0,"25":0,"26":0,"27":0,"28":0,"29":0,"30":0,"31":0,"32":0,"33":0,"34":0,"35":0,"36":0,"37":0,"38":0,"39":0,"40":0,"41":0,"42":0,"43":0,"44":0,"45":0,"46":0,"47":0,"48":0,"49":0,"50":0,"51":0,"52":0,"53":0,"54":0,"55":0,"56":0,"57":0,"58":0,"59":0,"60":0,"61":0,"62":0,"63":0,"64":0,"65":0,"66":0,"67":0,"68":0,"69":0,"70":0,"71":0,"72":0,"73":0,"74":0,"75":0,"76":0,"77":0,"78":0,"79":0,"80":0,"81":0,"82":0,"83":0,"84":0,"85":0,"86":0,"87":0,"88":0,"89":0,"90":0,"91":0,"92":0,"93":0,"94":0,"95":0,"96":0,"97":0,"98":0,"99":0,"100":0,"101":0,"102":0,"103":0,"104":0,"105":0,"106":0,"107":0,"108":0,"109":0,"110":0,"111":0,"112":0,"113":0,"114":0,"115":0,"116":0,"117":0,"118":0,"119":0,"120":0,"121":0,"122":0,"123":0,"124":0,"125":0,"126":0},"f":{"0":0,"1":0,"2":0,"3":0,"4":0,"5":0,"6":0,"7":0,"8":0,"9":0,"10":0,"11":0,"12":0,"13":0,"14":0,"15":0,"16":0,"17":0,"18":0,"19":0,"20":0,"21":0,"22":0,"23":0,"24":0,"25":0,"26":0,"27":0},"b":{"0":[0,0],"1":[0,0],"2":[0,0],"3":[0,0],"4":[0,0],"5":[0,0],"6":[0,0],"7":[0,0],"8":[0,0],"9":[0,0],"10":[0,0],"11":[0,0],"12":[0,0],"13":[0,0],"14":[0,0],"15":[0,0,0,0],"16":[0,0],"17":[0,0],"18":[0,0],"19":[0,0],"20":[0,0],"21":[0,0],"22":[0,0],"23":[0,0],"24":[0,0],"25":[0,0],"26":[0,0],"27":[0,0],"28":[0,0],"29":[0,0],"30":[0,0],"31":[0,0,0,0,0,0],"32":[0,0]}}
}
