TN:
SF:src/App.js
FN:4,App
FNF:1
FNH:1
FNDA:1,App
DA:5,1
LF:1
LH:1
BRF:0
BRH:0
end_of_record
TN:
SF:src/index.js
FNF:0
FNH:0
DA:15,0
DA:24,0
DA:25,0
DA:45,0
LF:4
LH:0
BRF:0
BRH:0
end_of_record
TN:
SF:src/reportWebVitals.js
FN:1,(anonymous_0)
FN:3,(anonymous_1)
FNF:2
FNH:0
FNDA:0,(anonymous_0)
FNDA:0,(anonymous_1)
DA:1,0
DA:2,0
DA:3,0
DA:4,0
DA:5,0
DA:6,0
DA:7,0
DA:8,0
LF:8
LH:0
BRDA:2,0,0,0
BRDA:2,0,1,0
BRDA:2,1,0,0
BRDA:2,1,1,0
BRF:4
BRH:0
end_of_record
TN:
SF:src/app/store.js
FNF:0
FNH:0
DA:4,0
LF:1
LH:0
BRF:0
BRH:0
end_of_record
TN:
SF:src/auth/auth.jsx
FN:11,Auth
FN:17,(anonymous_1)
FN:20,(anonymous_2)
FN:49,(anonymous_3)
FN:59,(anonymous_4)
FN:71,(anonymous_5)
FN:86,(anonymous_6)
FNF:7
FNH:0
FNDA:0,Auth
FNDA:0,(anonymous_1)
FNDA:0,(anonymous_2)
FNDA:0,(anonymous_3)
FNDA:0,(anonymous_4)
FNDA:0,(anonymous_5)
FNDA:0,(anonymous_6)
DA:12,0
DA:13,0
DA:14,0
DA:15,0
DA:16,0
DA:17,0
DA:18,0
DA:20,0
DA:21,0
DA:22,0
DA:23,0
DA:24,0
DA:26,0
DA:27,0
DA:28,0
DA:30,0
DA:31,0
DA:35,0
DA:50,0
DA:60,0
DA:72,0
DA:73,0
DA:87,0
LF:23
LH:0
BRDA:21,0,0,0
BRDA:21,0,1,0
BRDA:21,1,0,0
BRDA:21,1,1,0
BRDA:27,2,0,0
BRDA:27,2,1,0
BRDA:70,3,0,0
BRDA:70,3,1,0
BRF:8
BRH:0
end_of_record
TN:
SF:src/auth/authAction.js
FN:5,(anonymous_0)
FN:9,(anonymous_1)
FN:17,(anonymous_2)
FN:38,(anonymous_3)
FN:42,(anonymous_4)
FN:70,(anonymous_5)
FN:76,(anonymous_6)
FN:94,(anonymous_7)
FN:105,(anonymous_8)
FN:125,(anonymous_9)
FN:129,(anonymous_10)
FN:148,(anonymous_11)
FN:163,(anonymous_12)
FN:180,(anonymous_13)
FN:191,(anonymous_14)
FN:207,(anonymous_15)
FN:210,(anonymous_16)
FNF:17
FNH:16
FNDA:8,(anonymous_0)
FNDA:17,(anonymous_1)
FNDA:210,(anonymous_2)
FNDA:1,(anonymous_3)
FNDA:10,(anonymous_4)
FNDA:1,(anonymous_5)
FNDA:1,(anonymous_6)
FNDA:4,(anonymous_7)
FNDA:40,(anonymous_8)
FNDA:1,(anonymous_9)
FNDA:5,(anonymous_10)
FNDA:1,(anonymous_11)
FNDA:0,(anonymous_12)
FNDA:1,(anonymous_13)
FNDA:30,(anonymous_14)
FNDA:17,(anonymous_15)
FNDA:1700,(anonymous_16)
DA:3,3
DA:6,8
DA:7,8
DA:8,8
DA:9,17
DA:10,8
DA:11,7
DA:12,7
DA:13,7
DA:15,7
DA:16,7
DA:17,210
DA:18,21
DA:21,7
DA:24,1
DA:27,0
DA:28,0
DA:30,0
DA:36,3
DA:39,1
DA:40,1
DA:41,1
DA:42,10
DA:43,0
DA:46,1
DA:47,1
DA:48,1
DA:57,1
DA:59,0
DA:60,0
DA:62,0
DA:68,3
DA:71,1
DA:72,1
DA:73,1
DA:74,1
DA:75,1
DA:76,1
DA:77,1
DA:78,1
DA:80,0
DA:83,0
DA:84,0
DA:86,0
DA:92,3
DA:95,4
DA:96,4
DA:97,4
DA:98,4
DA:99,4
DA:100,4
DA:101,4
DA:102,4
DA:103,4
DA:104,16
DA:105,40
DA:107,4
DA:108,16
DA:109,16
DA:112,4
DA:114,0
DA:115,0
DA:117,0
DA:123,3
DA:126,1
DA:127,1
DA:128,1
DA:129,5
DA:130,1
DA:131,1
DA:132,1
DA:134,0
DA:137,0
DA:138,0
DA:140,0
DA:146,3
DA:149,1
DA:150,1
DA:152,0
DA:153,0
DA:155,0
DA:161,3
DA:164,0
DA:165,0
DA:166,0
DA:167,0
DA:169,0
DA:170,0
DA:172,0
DA:178,3
DA:181,1
DA:182,1
DA:183,1
DA:184,1
DA:185,1
DA:186,0
DA:188,1
DA:189,1
DA:190,1
DA:191,30
DA:192,3
DA:195,1
DA:197,0
DA:198,0
DA:200,0
DA:207,3
DA:208,17
DA:209,17
DA:210,1700
DA:211,17
DA:212,170
DA:213,170
DA:223,17
LF:113
LH:81
BRDA:9,0,0,17
BRDA:9,0,1,7
BRDA:10,1,0,7
BRDA:10,1,1,1
BRDA:27,2,0,0
BRDA:27,2,1,0
BRDA:27,3,0,0
BRDA:27,3,1,0
BRDA:42,4,0,0
BRDA:42,4,1,1
BRDA:59,5,0,0
BRDA:59,5,1,0
BRDA:59,6,0,0
BRDA:59,6,1,0
BRDA:71,7,0,0
BRDA:71,7,1,1
BRDA:76,8,0,1
BRDA:76,8,1,1
BRDA:77,9,0,1
BRDA:77,9,1,0
BRDA:83,10,0,0
BRDA:83,10,1,0
BRDA:83,11,0,0
BRDA:83,11,1,0
BRDA:95,12,0,0
BRDA:95,12,1,4
BRDA:114,13,0,0
BRDA:114,13,1,0
BRDA:114,14,0,0
BRDA:114,14,1,0
BRDA:130,15,0,1
BRDA:130,15,1,0
BRDA:137,16,0,0
BRDA:137,16,1,0
BRDA:137,17,0,0
BRDA:137,17,1,0
BRDA:152,18,0,0
BRDA:152,18,1,0
BRDA:152,19,0,0
BRDA:152,19,1,0
BRDA:169,20,0,0
BRDA:169,20,1,0
BRDA:169,21,0,0
BRDA:169,21,1,0
BRDA:185,22,0,0
BRDA:185,22,1,1
BRDA:197,23,0,0
BRDA:197,23,1,0
BRDA:197,24,0,0
BRDA:197,24,1,0
BRF:50
BRH:12
end_of_record
TN:
SF:src/auth/authService.js
FNF:0
FNH:0
LF:0
LH:0
BRF:0
BRH:0
end_of_record
TN:
SF:src/auth/authSlice.js
FN:27,(anonymous_0)
FN:34,(anonymous_1)
FN:38,(anonymous_2)
FN:41,(anonymous_3)
FN:45,(anonymous_4)
FN:47,(anonymous_5)
FN:51,(anonymous_6)
FN:56,(anonymous_7)
FN:60,(anonymous_8)
FN:63,(anonymous_9)
FN:66,(anonymous_10)
FN:70,(anonymous_11)
FN:72,(anonymous_12)
FN:76,(anonymous_13)
FN:80,(anonymous_14)
FN:82,(anonymous_15)
FN:87,(anonymous_16)
FN:89,(anonymous_17)
FN:91,(anonymous_18)
FN:92,(anonymous_19)
FN:93,(anonymous_20)
FN:94,(anonymous_21)
FN:96,(anonymous_22)
FN:98,(anonymous_23)
FN:100,(anonymous_24)
FN:103,(anonymous_25)
FN:105,(anonymous_26)
FN:107,(anonymous_27)
FN:111,(anonymous_28)
FN:113,(anonymous_29)
FNF:30
FNH:21
FNDA:1,(anonymous_0)
FNDA:2,(anonymous_1)
FNDA:80,(anonymous_2)
FNDA:0,(anonymous_3)
FNDA:3,(anonymous_4)
FNDA:8,(anonymous_5)
FNDA:7,(anonymous_6)
FNDA:1,(anonymous_7)
FNDA:1,(anonymous_8)
FNDA:1,(anonymous_9)
FNDA:0,(anonymous_10)
FNDA:4,(anonymous_11)
FNDA:4,(anonymous_12)
FNDA:0,(anonymous_13)
FNDA:1,(anonymous_14)
FNDA:1,(anonymous_15)
FNDA:0,(anonymous_16)
FNDA:1,(anonymous_17)
FNDA:1,(anonymous_18)
FNDA:3,(anonymous_19)
FNDA:40,(anonymous_20)
FNDA:30,(anonymous_21)
FNDA:0,(anonymous_22)
FNDA:1,(anonymous_23)
FNDA:1,(anonymous_24)
FNDA:0,(anonymous_25)
FNDA:0,(anonymous_26)
FNDA:0,(anonymous_27)
FNDA:0,(anonymous_28)
FNDA:1,(anonymous_29)
DA:4,3
DA:6,3
DA:23,3
DA:28,1
DA:29,1
DA:30,1
DA:31,1
DA:32,1
DA:35,2
DA:36,0
DA:38,80
DA:42,0
DA:46,3
DA:48,8
DA:49,8
DA:52,7
DA:53,7
DA:54,7
DA:57,1
DA:58,1
DA:59,1
DA:61,1
DA:62,1
DA:64,1
DA:65,1
DA:67,0
DA:68,0
DA:69,0
DA:71,4
DA:73,4
DA:74,4
DA:75,4
DA:77,0
DA:78,0
DA:79,0
DA:81,1
DA:83,1
DA:84,1
DA:85,1
DA:86,1
DA:88,0
DA:90,1
DA:92,3
DA:93,40
DA:94,30
DA:95,1
DA:97,0
DA:99,1
DA:101,1
DA:102,1
DA:104,0
DA:106,0
DA:108,0
DA:109,0
DA:110,0
DA:112,0
DA:114,1
DA:119,3
LF:58
LH:42
BRDA:4,0,0,3
BRDA:4,0,1,3
BRDA:35,1,0,0
BRDA:35,1,1,2
BRDA:38,2,0,80
BRDA:38,2,1,74
BRDA:54,3,0,7
BRDA:54,3,1,0
BRDA:59,4,0,1
BRDA:59,4,1,1
BRDA:65,5,0,1
BRDA:65,5,1,0
BRDA:69,6,0,0
BRDA:69,6,1,0
BRF:14
BRH:9
end_of_record
TN:
SF:src/auth/registeration/registeration.jsx
FN:13,calculateAge
FN:23,Registeration
FN:38,(anonymous_2)
FN:73,(anonymous_3)
FN:105,(anonymous_4)
FN:113,(anonymous_5)
FN:121,(anonymous_6)
FN:129,(anonymous_7)
FN:138,(anonymous_8)
FN:147,(anonymous_9)
FN:156,(anonymous_10)
FN:165,(anonymous_11)
FN:171,(anonymous_12)
FNF:13
FNH:0
FNDA:0,calculateAge
FNDA:0,Registeration
FNDA:0,(anonymous_2)
FNDA:0,(anonymous_3)
FNDA:0,(anonymous_4)
FNDA:0,(anonymous_5)
FNDA:0,(anonymous_6)
FNDA:0,(anonymous_7)
FNDA:0,(anonymous_8)
FNDA:0,(anonymous_9)
FNDA:0,(anonymous_10)
FNDA:0,(anonymous_11)
FNDA:0,(anonymous_12)
DA:14,0
DA:15,0
DA:16,0
DA:17,0
DA:18,0
DA:19,0
DA:20,0
DA:24,0
DA:25,0
DA:26,0
DA:27,0
DA:28,0
DA:29,0
DA:30,0
DA:31,0
DA:32,0
DA:33,0
DA:34,0
DA:35,0
DA:36,0
DA:38,0
DA:39,0
DA:40,0
DA:41,0
DA:42,0
DA:43,0
DA:44,0
DA:45,0
DA:46,0
DA:47,0
DA:48,0
DA:49,0
DA:50,0
DA:51,0
DA:52,0
DA:53,0
DA:54,0
DA:55,0
DA:56,0
DA:57,0
DA:58,0
DA:59,0
DA:60,0
DA:61,0
DA:62,0
DA:63,0
DA:64,0
DA:65,0
DA:66,0
DA:67,0
DA:70,0
DA:73,0
DA:74,0
DA:75,0
DA:76,0
DA:79,0
DA:80,0
DA:82,0
DA:83,0
DA:84,0
DA:86,0
DA:87,0
DA:91,0
DA:106,0
DA:114,0
DA:122,0
DA:130,0
DA:139,0
DA:148,0
DA:157,0
DA:166,0
DA:172,0
DA:173,0
LF:73
LH:0
BRDA:14,0,0,0
BRDA:14,0,1,0
BRDA:19,1,0,0
BRDA:19,1,1,0
BRDA:19,1,2,0
BRDA:20,2,0,0
BRDA:20,2,1,0
BRDA:44,3,0,0
BRDA:44,3,1,0
BRDA:47,4,0,0
BRDA:47,4,1,0
BRDA:50,5,0,0
BRDA:50,5,1,0
BRDA:53,6,0,0
BRDA:53,6,1,0
BRDA:56,7,0,0
BRDA:56,7,1,0
BRDA:59,8,0,0
BRDA:59,8,1,0
BRDA:62,9,0,0
BRDA:62,9,1,0
BRDA:65,10,0,0
BRDA:65,10,1,0
BRDA:74,11,0,0
BRDA:74,11,1,0
BRDA:82,12,0,0
BRDA:82,12,1,0
BRDA:170,13,0,0
BRDA:170,13,1,0
BRF:29
BRH:0
end_of_record
TN:
SF:src/main/main.jsx
FN:26,(anonymous_0)
FN:39,Main
FN:42,(anonymous_2)
FN:64,(anonymous_3)
FN:68,(anonymous_4)
FN:73,(anonymous_5)
FN:77,(anonymous_6)
FN:83,(anonymous_7)
FN:87,(anonymous_8)
FN:92,(anonymous_9)
FN:96,(anonymous_10)
FN:103,(anonymous_11)
FN:111,(anonymous_12)
FN:127,(anonymous_13)
FN:133,(anonymous_14)
FN:137,(anonymous_15)
FN:149,(anonymous_16)
FN:161,(anonymous_17)
FN:165,(anonymous_18)
FN:172,(anonymous_19)
FN:176,(anonymous_20)
FN:182,(anonymous_21)
FN:186,(anonymous_22)
FN:190,(anonymous_23)
FN:207,(anonymous_24)
FN:250,(anonymous_25)
FN:261,(anonymous_26)
FN:277,(anonymous_27)
FN:289,(anonymous_28)
FN:313,(anonymous_29)
FN:328,(anonymous_30)
FN:364,(anonymous_31)
FN:373,(anonymous_32)
FN:382,(anonymous_33)
FN:393,(anonymous_34)
FN:438,(anonymous_35)
FN:472,(anonymous_36)
FN:478,(anonymous_37)
FNF:38
FNH:0
FNDA:0,(anonymous_0)
FNDA:0,Main
FNDA:0,(anonymous_2)
FNDA:0,(anonymous_3)
FNDA:0,(anonymous_4)
FNDA:0,(anonymous_5)
FNDA:0,(anonymous_6)
FNDA:0,(anonymous_7)
FNDA:0,(anonymous_8)
FNDA:0,(anonymous_9)
FNDA:0,(anonymous_10)
FNDA:0,(anonymous_11)
FNDA:0,(anonymous_12)
FNDA:0,(anonymous_13)
FNDA:0,(anonymous_14)
FNDA:0,(anonymous_15)
FNDA:0,(anonymous_16)
FNDA:0,(anonymous_17)
FNDA:0,(anonymous_18)
FNDA:0,(anonymous_19)
FNDA:0,(anonymous_20)
FNDA:0,(anonymous_21)
FNDA:0,(anonymous_22)
FNDA:0,(anonymous_23)
FNDA:0,(anonymous_24)
FNDA:0,(anonymous_25)
FNDA:0,(anonymous_26)
FNDA:0,(anonymous_27)
FNDA:0,(anonymous_28)
FNDA:0,(anonymous_29)
FNDA:0,(anonymous_30)
FNDA:0,(anonymous_31)
FNDA:0,(anonymous_32)
FNDA:0,(anonymous_33)
FNDA:0,(anonymous_34)
FNDA:0,(anonymous_35)
FNDA:0,(anonymous_36)
FNDA:0,(anonymous_37)
DA:26,0
DA:27,0
DA:28,0
DA:29,0
DA:30,0
DA:31,0
DA:32,0
DA:34,0
DA:36,0
DA:40,0
DA:42,0
DA:43,0
DA:44,0
DA:45,0
DA:46,0
DA:47,0
DA:48,0
DA:49,0
DA:50,0
DA:51,0
DA:52,0
DA:53,0
DA:54,0
DA:55,0
DA:56,0
DA:57,0
DA:58,0
DA:59,0
DA:60,0
DA:61,0
DA:62,0
DA:64,0
DA:65,0
DA:68,0
DA:69,0
DA:70,0
DA:73,0
DA:74,0
DA:77,0
DA:78,0
DA:79,0
DA:80,0
DA:83,0
DA:84,0
DA:87,0
DA:88,0
DA:89,0
DA:92,0
DA:93,0
DA:96,0
DA:97,0
DA:98,0
DA:99,0
DA:100,0
DA:103,0
DA:104,0
DA:105,0
DA:107,0
DA:108,0
DA:111,0
DA:112,0
DA:113,0
DA:114,0
DA:115,0
DA:116,0
DA:117,0
DA:118,0
DA:120,0
DA:122,0
DA:123,0
DA:124,0
DA:127,0
DA:128,0
DA:129,0
DA:130,0
DA:133,0
DA:134,0
DA:135,0
DA:137,0
DA:138,0
DA:139,0
DA:142,0
DA:143,0
DA:144,0
DA:145,0
DA:148,0
DA:149,0
DA:150,0
DA:151,0
DA:152,0
DA:153,0
DA:155,0
DA:156,0
DA:157,0
DA:161,0
DA:162,0
DA:165,0
DA:166,0
DA:167,0
DA:168,0
DA:169,0
DA:170,0
DA:172,0
DA:173,0
DA:176,0
DA:177,0
DA:182,0
DA:183,0
DA:186,0
DA:187,0
DA:190,0
DA:191,0
DA:194,0
DA:208,0
DA:251,0
DA:262,0
DA:290,0
DA:314,0
DA:315,0
DA:317,0
DA:329,0
DA:330,0
DA:365,0
DA:374,0
DA:383,0
DA:394,0
DA:395,0
DA:439,0
DA:473,0
DA:479,0
DA:480,0
LF:131
LH:0
BRDA:134,0,0,0
BRDA:134,0,1,0
BRDA:137,1,0,0
BRDA:137,1,1,0
BRDA:142,2,0,0
BRDA:142,2,1,0
BRDA:150,3,0,0
BRDA:150,3,1,0
BRDA:166,4,0,0
BRDA:166,4,1,0
BRDA:166,5,0,0
BRDA:166,5,1,0
BRDA:195,6,0,0
BRDA:195,6,1,0
BRDA:198,7,0,0
BRDA:198,7,1,0
BRDA:285,8,0,0
BRDA:285,8,1,0
BRDA:314,9,0,0
BRDA:314,9,1,0
BRDA:326,10,0,0
BRDA:326,10,1,0
BRDA:390,11,0,0
BRDA:390,11,1,0
BRDA:477,12,0,0
BRDA:477,12,1,0
BRF:26
BRH:0
end_of_record
TN:
SF:src/main/profileField.jsx
FN:7,ProfileField
FN:12,(anonymous_1)
FN:16,(anonymous_2)
FN:42,(anonymous_3)
FN:43,(anonymous_4)
FNF:5
FNH:0
FNDA:0,ProfileField
FNDA:0,(anonymous_1)
FNDA:0,(anonymous_2)
FNDA:0,(anonymous_3)
FNDA:0,(anonymous_4)
DA:8,0
DA:9,0
DA:10,0
DA:12,0
DA:13,0
DA:16,0
DA:17,0
DA:20,0
DA:42,0
DA:43,0
LF:10
LH:0
BRF:0
BRH:0
end_of_record
TN:
SF:src/main/posts/posts.jsx
FN:12,Post
FN:15,(anonymous_1)
FN:19,(anonymous_2)
FN:23,(anonymous_3)
FN:80,(anonymous_4)
FNF:5
FNH:0
FNDA:0,Post
FNDA:0,(anonymous_1)
FNDA:0,(anonymous_2)
FNDA:0,(anonymous_3)
FNDA:0,(anonymous_4)
DA:13,0
DA:14,0
DA:15,0
DA:16,0
DA:19,0
DA:20,0
DA:23,0
DA:24,0
DA:27,0
DA:81,0
LF:10
LH:0
BRDA:32,0,0,0
BRDA:32,0,1,0
BRDA:38,1,0,0
BRDA:38,1,1,0
BRDA:54,2,0,0
BRDA:54,2,1,0
BRDA:83,3,0,0
BRDA:83,3,1,0
BRF:8
BRH:0
end_of_record
TN:
SF:src/profile/profile.jsx
FN:20,Profile
FN:21,(anonymous_1)
FN:41,(anonymous_2)
FN:45,(anonymous_3)
FN:52,(anonymous_4)
FN:58,(anonymous_5)
FN:64,(anonymous_6)
FN:70,(anonymous_7)
FN:77,(anonymous_8)
FN:108,(anonymous_9)
FN:110,(anonymous_10)
FN:112,(anonymous_11)
FN:114,(anonymous_12)
FN:116,(anonymous_13)
FN:118,(anonymous_14)
FN:133,(anonymous_15)
FN:139,(anonymous_16)
FN:140,(anonymous_17)
FN:141,(anonymous_18)
FN:163,(anonymous_19)
FN:189,(anonymous_20)
FN:192,(anonymous_21)
FN:246,(anonymous_22)
FN:255,(anonymous_23)
FN:264,(anonymous_24)
FN:274,(anonymous_25)
FN:284,(anonymous_26)
FN:299,(anonymous_27)
FNF:28
FNH:0
FNDA:0,Profile
FNDA:0,(anonymous_1)
FNDA:0,(anonymous_2)
FNDA:0,(anonymous_3)
FNDA:0,(anonymous_4)
FNDA:0,(anonymous_5)
FNDA:0,(anonymous_6)
FNDA:0,(anonymous_7)
FNDA:0,(anonymous_8)
FNDA:0,(anonymous_9)
FNDA:0,(anonymous_10)
FNDA:0,(anonymous_11)
FNDA:0,(anonymous_12)
FNDA:0,(anonymous_13)
FNDA:0,(anonymous_14)
FNDA:0,(anonymous_15)
FNDA:0,(anonymous_16)
FNDA:0,(anonymous_17)
FNDA:0,(anonymous_18)
FNDA:0,(anonymous_19)
FNDA:0,(anonymous_20)
FNDA:0,(anonymous_21)
FNDA:0,(anonymous_22)
FNDA:0,(anonymous_23)
FNDA:0,(anonymous_24)
FNDA:0,(anonymous_25)
FNDA:0,(anonymous_26)
FNDA:0,(anonymous_27)
DA:21,0
DA:22,0
DA:23,0
DA:24,0
DA:25,0
DA:26,0
DA:27,0
DA:28,0
DA:29,0
DA:31,0
DA:32,0
DA:33,0
DA:34,0
DA:35,0
DA:36,0
DA:37,0
DA:38,0
DA:39,0
DA:41,0
DA:42,0
DA:45,0
DA:46,0
DA:47,0
DA:48,0
DA:49,0
DA:52,0
DA:53,0
DA:54,0
DA:55,0
DA:58,0
DA:59,0
DA:60,0
DA:61,0
DA:64,0
DA:65,0
DA:66,0
DA:67,0
DA:70,0
DA:71,0
DA:72,0
DA:73,0
DA:74,0
DA:77,0
DA:78,0
DA:79,0
DA:80,0
DA:81,0
DA:82,0
DA:83,0
DA:84,0
DA:85,0
DA:86,0
DA:88,0
DA:89,0
DA:91,0
DA:92,0
DA:94,0
DA:95,0
DA:97,0
DA:98,0
DA:99,0
DA:100,0
DA:102,0
DA:105,0
DA:106,0
DA:107,0
DA:108,0
DA:109,0
DA:110,0
DA:111,0
DA:112,0
DA:113,0
DA:114,0
DA:115,0
DA:116,0
DA:117,0
DA:118,0
DA:120,0
DA:121,0
DA:124,0
DA:125,0
DA:126,0
DA:127,0
DA:128,0
DA:129,0
DA:130,0
DA:133,0
DA:134,0
DA:135,0
DA:136,0
DA:137,0
DA:138,0
DA:139,0
DA:141,0
DA:142,0
DA:143,0
DA:144,0
DA:145,0
DA:150,0
DA:164,0
DA:190,0
DA:193,0
DA:246,0
DA:255,0
DA:264,0
DA:274,0
DA:284,0
DA:300,0
DA:301,0
LF:109
LH:0
BRDA:46,0,0,0
BRDA:46,0,1,0
BRDA:53,1,0,0
BRDA:53,1,1,0
BRDA:59,2,0,0
BRDA:59,2,1,0
BRDA:65,3,0,0
BRDA:65,3,1,0
BRDA:71,4,0,0
BRDA:71,4,1,0
BRDA:71,5,0,0
BRDA:71,5,1,0
BRDA:85,6,0,0
BRDA:85,6,1,0
BRDA:85,7,0,0
BRDA:85,7,1,0
BRDA:88,8,0,0
BRDA:88,8,1,0
BRDA:88,9,0,0
BRDA:88,9,1,0
BRDA:91,10,0,0
BRDA:91,10,1,0
BRDA:91,11,0,0
BRDA:91,11,1,0
BRDA:94,12,0,0
BRDA:94,12,1,0
BRDA:94,13,0,0
BRDA:94,13,1,0
BRDA:97,14,0,0
BRDA:97,14,1,0
BRDA:97,15,0,0
BRDA:97,15,1,0
BRDA:97,15,2,0
BRDA:97,15,3,0
BRDA:99,16,0,0
BRDA:99,16,1,0
BRDA:106,17,0,0
BRDA:106,17,1,0
BRDA:107,18,0,0
BRDA:107,18,1,0
BRDA:109,19,0,0
BRDA:109,19,1,0
BRDA:111,20,0,0
BRDA:111,20,1,0
BRDA:113,21,0,0
BRDA:113,21,1,0
BRDA:115,22,0,0
BRDA:115,22,1,0
BRDA:117,23,0,0
BRDA:117,23,1,0
BRDA:134,24,0,0
BRDA:134,24,1,0
BRDA:134,25,0,0
BRDA:134,25,1,0
BRDA:141,26,0,0
BRDA:141,26,1,0
BRDA:151,27,0,0
BRDA:151,27,1,0
BRDA:154,28,0,0
BRDA:154,28,1,0
BRDA:187,29,0,0
BRDA:187,29,1,0
BRDA:196,30,0,0
BRDA:196,30,1,0
BRDA:293,31,0,0
BRDA:293,31,1,0
BRDA:293,31,2,0
BRDA:293,31,3,0
BRDA:293,31,4,0
BRDA:293,31,5,0
BRDA:298,32,0,0
BRDA:298,32,1,0
BRF:72
BRH:0
end_of_record
